Using pre-set license
Built from '2020.3/release' branch; Version is '2020.3.1f1 (77a89f25062f) revision 7841951'; Using compiler version '192528614'; Build Type 'Release'
OS: 'Windows 10 Home; OS build 19042.985; Version 2009; 64bit' Language: 'ru' Physical Memory: 7908 MB
BatchMode: 1, IsHumanControllingUs: 0, StartBugReporterOnCrash: 0, Is64bit: 1, IsPro: 0

 COMMAND LINE ARGUMENTS:
C:\Yan\Unity\2020.3.1f1\Editor\Unity.exe
-adb2
-batchMode
-noUpm
-name
AssetImportWorker1
-projectPath
C:/Yan/Unity/Projects/TheDiamondOfTheDragonSword
-logFile
Logs/AssetImportWorker1.log
-srvPort
63214
Successfully changed project path to: C:/Yan/Unity/Projects/TheDiamondOfTheDragonSword
C:/Yan/Unity/Projects/TheDiamondOfTheDragonSword
Using Asset Import Pipeline V2.
Refreshing native plugins compatible for Editor in 68.32 ms, found 0 plugins.
Preloading 0 native plugins for Editor in 0.00 ms.
Initialize engine version: 2020.3.1f1 (77a89f25062f)
[Subsystems] Discovering subsystems at path C:/Yan/Unity/2020.3.1f1/Editor/Data/Resources/UnitySubsystems
[Subsystems] Discovering subsystems at path C:/Yan/Unity/Projects/TheDiamondOfTheDragonSword/Assets
GfxDevice: creating device client; threaded=0
Direct3D:
    Version:  Direct3D 11.0 [level 11.1]
    Renderer: NVIDIA GeForce MX230 (ID=0x1d11)
    Vendor:   
    VRAM:     1984 MB
    Driver:   26.21.14.4137
Initialize mono
Mono path[0] = 'C:/Yan/Unity/2020.3.1f1/Editor/Data/Managed'
Mono path[1] = 'C:/Yan/Unity/2020.3.1f1/Editor/Data/MonoBleedingEdge/lib/mono/unityjit'
Mono config path = 'C:/Yan/Unity/2020.3.1f1/Editor/Data/MonoBleedingEdge/etc'
Using monoOptions --debugger-agent=transport=dt_socket,embedding=1,server=y,suspend=n,address=127.0.0.1:56708
Begin MonoManager ReloadAssembly
Registering precompiled unity dll's ...
Register platform support module: C:/Yan/Unity/2020.3.1f1/Editor/Data/PlaybackEngines/WindowsStandaloneSupport/UnityEditor.WindowsStandalone.Extensions.dll
Registered in 0.003541 seconds.
Native extension for WindowsStandalone target not found
Refreshing native plugins compatible for Editor in 32.00 ms, found 0 plugins.
Preloading 0 native plugins for Editor in 0.00 ms.
Invoked RoslynAnalysisRunner static constructor.
RoslynAnalysisRunner will not be running.
RoslynAnalysisRunner has terminated.
Mono: successfully reloaded assembly
- Completed reload, in  2.359 seconds
Platform modules already initialized, skipping
Registering precompiled user dll's ...
Registered in 0.001711 seconds.
Begin MonoManager ReloadAssembly
Native extension for WindowsStandalone target not found
Refreshing native plugins compatible for Editor in 0.29 ms, found 0 plugins.
Preloading 0 native plugins for Editor in 0.00 ms.
Invoked RoslynAnalysisRunner static constructor.
RoslynAnalysisRunner will not be running.
RoslynAnalysisRunner has terminated.
Mono: successfully reloaded assembly
- Completed reload, in  2.257 seconds
Platform modules already initialized, skipping
========================================================================
Worker process is ready to serve import requests
Launched and connected shader compiler UnityShaderCompiler.exe after 0.09 seconds
Refreshing native plugins compatible for Editor in 0.44 ms, found 0 plugins.
Preloading 0 native plugins for Editor in 0.00 ms.
Unloading 1309 Unused Serialized files (Serialized files now loaded: 0)
System memory in use before: 79.3 MB.
System memory in use after: 79.4 MB.

Unloading 10 unused Assets to reduce memory usage. Loaded Objects now: 1775.
Total: 2.024300 ms (FindLiveObjects: 0.241300 ms CreateObjectMapping: 0.074600 ms MarkObjects: 1.621900 ms  DeleteObjects: 0.085200 ms)

========================================================================
Received Import Request.
  path: Assets/Scripts/Stats/BaseStats.cs
  artifactKey: Guid(396e6eaaeea972e47bcecc3a25387bc5) Importer(815301076,1909f56bfc062723c751e8b465ee728b)
Start importing Assets/Scripts/Stats/BaseStats.cs using Guid(396e6eaaeea972e47bcecc3a25387bc5) Importer(815301076,1909f56bfc062723c751e8b465ee728b)  -> (artifact id: '0a12d8a36232fceee06fe50295d69175') in 0.072354 seconds
  Import took 0.076582 seconds .

========================================================================
Received Import Request.
  Time since last request: 1851.891265 seconds.
  path: Assets/Scripts/Stats/BaseStats.cs
  artifactKey: Guid(396e6eaaeea972e47bcecc3a25387bc5) Importer(815301076,1909f56bfc062723c751e8b465ee728b)
Start importing Assets/Scripts/Stats/BaseStats.cs using Guid(396e6eaaeea972e47bcecc3a25387bc5) Importer(815301076,1909f56bfc062723c751e8b465ee728b)  -> (artifact id: '4ae8855365591e2f6f434ddc0f2ffb30') in 0.007865 seconds
  Import took 0.011678 seconds .

========================================================================
Received Import Request.
  Time since last request: 241.182640 seconds.
  path: Assets/Scripts/Stats/BaseStats.cs
  artifactKey: Guid(396e6eaaeea972e47bcecc3a25387bc5) Importer(815301076,1909f56bfc062723c751e8b465ee728b)
Start importing Assets/Scripts/Stats/BaseStats.cs using Guid(396e6eaaeea972e47bcecc3a25387bc5) Importer(815301076,1909f56bfc062723c751e8b465ee728b)  -> (artifact id: '8cc819e21ee50ec4abc7bfba0762c5f2') in 0.003321 seconds
  Import took 0.008674 seconds .

========================================================================
Received Prepare
Registering precompiled user dll's ...
Registered in 0.000910 seconds.
Begin MonoManager ReloadAssembly
Native extension for WindowsStandalone target not found
Refreshing native plugins compatible for Editor in 0.34 ms, found 0 plugins.
Preloading 0 native plugins for Editor in 0.00 ms.
Invoked RoslynAnalysisRunner static constructor.
RoslynAnalysisRunner will not be running.
RoslynAnalysisRunner has terminated.
Mono: successfully reloaded assembly
- Completed reload, in  0.737 seconds
Platform modules already initialized, skipping
Refreshing native plugins compatible for Editor in 0.32 ms, found 0 plugins.
Preloading 0 native plugins for Editor in 0.00 ms.
Unloading 1288 Unused Serialized files (Serialized files now loaded: 0)
System memory in use before: 78.1 MB.
System memory in use after: 78.2 MB.

Unloading 5 unused Assets to reduce memory usage. Loaded Objects now: 1779.
Total: 2.275900 ms (FindLiveObjects: 0.320400 ms CreateObjectMapping: 0.050000 ms MarkObjects: 1.884500 ms  DeleteObjects: 0.019800 ms)

========================================================================
Received Prepare
Registering precompiled user dll's ...
Registered in 0.001164 seconds.
Begin MonoManager ReloadAssembly
Native extension for WindowsStandalone target not found
Refreshing native plugins compatible for Editor in 0.28 ms, found 0 plugins.
Preloading 0 native plugins for Editor in 0.00 ms.
Invoked RoslynAnalysisRunner static constructor.
RoslynAnalysisRunner will not be running.
RoslynAnalysisRunner has terminated.
Mono: successfully reloaded assembly
- Completed reload, in  0.786 seconds
Platform modules already initialized, skipping
Refreshing native plugins compatible for Editor in 0.30 ms, found 0 plugins.
Preloading 0 native plugins for Editor in 0.00 ms.
Unloading 1287 Unused Serialized files (Serialized files now loaded: 0)
System memory in use before: 78.0 MB.
System memory in use after: 78.2 MB.

Unloading 5 unused Assets to reduce memory usage. Loaded Objects now: 1782.
Total: 1.887300 ms (FindLiveObjects: 0.256700 ms CreateObjectMapping: 0.065900 ms MarkObjects: 1.549800 ms  DeleteObjects: 0.013700 ms)

========================================================================
Received Import Request.
  Time since last request: 517.125418 seconds.
  path: Assets/Scripts/Stats/BaseStats.cs
  artifactKey: Guid(396e6eaaeea972e47bcecc3a25387bc5) Importer(815301076,1909f56bfc062723c751e8b465ee728b)
Start importing Assets/Scripts/Stats/BaseStats.cs using Guid(396e6eaaeea972e47bcecc3a25387bc5) Importer(815301076,1909f56bfc062723c751e8b465ee728b)  -> (artifact id: '7f5aa94e3402e09b758e0b6e453c5a13') in 0.005904 seconds
  Import took 0.010850 seconds .

========================================================================
Received Import Request.
  Time since last request: 7.093443 seconds.
  path: Assets/Game/Core/Progression.asset
  artifactKey: Guid(35693b7beba523f4da84dab70b86d13e) Importer(815301076,1909f56bfc062723c751e8b465ee728b)
Start importing Assets/Game/Core/Progression.asset using Guid(35693b7beba523f4da84dab70b86d13e) Importer(815301076,1909f56bfc062723c751e8b465ee728b)  -> (artifact id: '9beacd646dee73c1b717d93f474363c0') in 0.032542 seconds
  Import took 0.035933 seconds .

========================================================================
Received Import Request.
  Time since last request: 123.507987 seconds.
  path: Assets/Game/Weapons/Resources/Bow_Player.asset
  artifactKey: Guid(e5dba9a9df2ca9148b692316fac25b5b) Importer(815301076,1909f56bfc062723c751e8b465ee728b)
Start importing Assets/Game/Weapons/Resources/Bow_Player.asset using Guid(e5dba9a9df2ca9148b692316fac25b5b) Importer(815301076,1909f56bfc062723c751e8b465ee728b)  -> (artifact id: '04aa970c0109a4041e865b0b6657693b') in 0.124405 seconds
  Import took 0.128414 seconds .

========================================================================
Received Prepare
Registering precompiled user dll's ...
Registered in 0.000659 seconds.
Begin MonoManager ReloadAssembly
Native extension for WindowsStandalone target not found
Refreshing native plugins compatible for Editor in 0.26 ms, found 0 plugins.
Preloading 0 native plugins for Editor in 0.00 ms.
Invoked RoslynAnalysisRunner static constructor.
RoslynAnalysisRunner will not be running.
RoslynAnalysisRunner has terminated.
Mono: successfully reloaded assembly
- Completed reload, in  0.754 seconds
Platform modules already initialized, skipping
Refreshing native plugins compatible for Editor in 0.35 ms, found 0 plugins.
Preloading 0 native plugins for Editor in 0.00 ms.
Unloading 1287 Unused Serialized files (Serialized files now loaded: 0)
System memory in use before: 78.1 MB.
System memory in use after: 78.2 MB.

Unloading 5 unused Assets to reduce memory usage. Loaded Objects now: 1786.
Total: 2.059400 ms (FindLiveObjects: 0.389000 ms CreateObjectMapping: 0.066400 ms MarkObjects: 1.587000 ms  DeleteObjects: 0.015800 ms)

========================================================================
Received Prepare
Registering precompiled user dll's ...
Registered in 0.000670 seconds.
Begin MonoManager ReloadAssembly
Native extension for WindowsStandalone target not found
Refreshing native plugins compatible for Editor in 0.30 ms, found 0 plugins.
Preloading 0 native plugins for Editor in 0.00 ms.
Invoked RoslynAnalysisRunner static constructor.
RoslynAnalysisRunner will not be running.
RoslynAnalysisRunner has terminated.
Mono: successfully reloaded assembly
- Completed reload, in  0.957 seconds
Platform modules already initialized, skipping
Refreshing native plugins compatible for Editor in 0.34 ms, found 0 plugins.
Preloading 0 native plugins for Editor in 0.00 ms.
Unloading 1287 Unused Serialized files (Serialized files now loaded: 0)
System memory in use before: 78.1 MB.
System memory in use after: 78.2 MB.

Unloading 5 unused Assets to reduce memory usage. Loaded Objects now: 1789.
Total: 2.061100 ms (FindLiveObjects: 0.268800 ms CreateObjectMapping: 0.071800 ms MarkObjects: 1.702800 ms  DeleteObjects: 0.015900 ms)

========================================================================
Received Import Request.
  Time since last request: 769.931823 seconds.
  path: Assets/Game/Core/Core.prefab
  artifactKey: Guid(f2ea91d66ae23924aa76308e0015b3dd) Importer(815301076,1909f56bfc062723c751e8b465ee728b)
Start importing Assets/Game/Core/Core.prefab using Guid(f2ea91d66ae23924aa76308e0015b3dd) Importer(815301076,1909f56bfc062723c751e8b465ee728b)  -> (artifact id: 'dd516a035255ac2b343fca9a0244f60b') in 0.305628 seconds
  Import took 0.311239 seconds .

========================================================================
Received Import Request.
  Time since last request: 42.205911 seconds.
  path: Assets/Game/Characters/Archer.prefab
  artifactKey: Guid(339ff24cd373cde4b9c079ce229e051a) Importer(815301076,1909f56bfc062723c751e8b465ee728b)
Start importing Assets/Game/Characters/Archer.prefab using Guid(339ff24cd373cde4b9c079ce229e051a) Importer(815301076,1909f56bfc062723c751e8b465ee728b)  -> (artifact id: '4d391f7bba5ad9777742aee39ce01f76') in 0.099185 seconds
  Import took 0.103894 seconds .

========================================================================
Received Import Request.
  Time since last request: 0.000306 seconds.
  path: Assets/Game/Characters/Player.prefab
  artifactKey: Guid(41300e658a13a274da38f9f491f1ceb8) Importer(815301076,1909f56bfc062723c751e8b465ee728b)
Start importing Assets/Game/Characters/Player.prefab using Guid(41300e658a13a274da38f9f491f1ceb8) Importer(815301076,1909f56bfc062723c751e8b465ee728b)  -> (artifact id: 'e87e4a372a555056471f3ba6ddac2779') in 0.031321 seconds
  Import took 0.035886 seconds .

========================================================================
Received Import Request.
  Time since last request: 0.000338 seconds.
  path: Assets/Game/Characters/Enemy.prefab
  artifactKey: Guid(85559508529307147954464ae17474ba) Importer(815301076,1909f56bfc062723c751e8b465ee728b)
Start importing Assets/Game/Characters/Enemy.prefab using Guid(85559508529307147954464ae17474ba) Importer(815301076,1909f56bfc062723c751e8b465ee728b)  -> (artifact id: '667b421cc40d3e8da09699975fb58664') in 0.043055 seconds
  Import took 0.047832 seconds .

========================================================================
Received Import Request.
  Time since last request: 0.000289 seconds.
  path: Assets/Game/Characters/Character.prefab
  artifactKey: Guid(a4839624b9b6191448ca8d7c5cd64abd) Importer(815301076,1909f56bfc062723c751e8b465ee728b)
Start importing Assets/Game/Characters/Character.prefab using Guid(a4839624b9b6191448ca8d7c5cd64abd) Importer(815301076,1909f56bfc062723c751e8b465ee728b)  -> (artifact id: '4cfa690f414dbfc768df3598cf9d06ed') in 0.014157 seconds
  Import took 0.017549 seconds .

========================================================================
Received Prepare
Registering precompiled user dll's ...
Registered in 0.000787 seconds.
Begin MonoManager ReloadAssembly
Native extension for WindowsStandalone target not found
Refreshing native plugins compatible for Editor in 0.38 ms, found 0 plugins.
Preloading 0 native plugins for Editor in 0.00 ms.
Invoked RoslynAnalysisRunner static constructor.
RoslynAnalysisRunner will not be running.
RoslynAnalysisRunner has terminated.
Mono: successfully reloaded assembly
- Completed reload, in  0.737 seconds
Platform modules already initialized, skipping
Refreshing native plugins compatible for Editor in 0.35 ms, found 0 plugins.
Preloading 0 native plugins for Editor in 0.00 ms.
Unloading 1287 Unused Serialized files (Serialized files now loaded: 0)
System memory in use before: 95.4 MB.
System memory in use after: 95.5 MB.

Unloading 5 unused Assets to reduce memory usage. Loaded Objects now: 1800.
Total: 1.438500 ms (FindLiveObjects: 0.143400 ms CreateObjectMapping: 0.045100 ms MarkObjects: 1.232300 ms  DeleteObjects: 0.016600 ms)

========================================================================
Received Import Request.
  Time since last request: 6.510674 seconds.
  path: Assets/Game/Characters/Player.prefab
  artifactKey: Guid(41300e658a13a274da38f9f491f1ceb8) Importer(815301076,1909f56bfc062723c751e8b465ee728b)
Start importing Assets/Game/Characters/Player.prefab using Guid(41300e658a13a274da38f9f491f1ceb8) Importer(815301076,1909f56bfc062723c751e8b465ee728b)  -> (artifact id: '7535e275eabe591321781d1fcf980aaf') in 0.078104 seconds
  Import took 0.082386 seconds .

========================================================================
Received Import Request.
  Time since last request: 43.047657 seconds.
  path: Assets/Game/Weapons/Sword
  artifactKey: Guid(e552e585e2f6e73439173446e002b45f) Importer(815301076,1909f56bfc062723c751e8b465ee728b)
Start importing Assets/Game/Weapons/Sword using Guid(e552e585e2f6e73439173446e002b45f) Importer(815301076,1909f56bfc062723c751e8b465ee728b)  -> (artifact id: 'f45dbe6e014556f971afa1be687ecb05') in 0.009869 seconds
  Import took 0.013150 seconds .

========================================================================
Received Import Request.
  Time since last request: 0.005038 seconds.
  path: Assets/Game/Weapons/Sword
  artifactKey: Guid(e552e585e2f6e73439173446e002b45f) Importer(815301076,1909f56bfc062723c751e8b465ee728b)
Start importing Assets/Game/Weapons/Sword using Guid(e552e585e2f6e73439173446e002b45f) Importer(815301076,1909f56bfc062723c751e8b465ee728b)  -> (artifact id: 'f45dbe6e014556f971afa1be687ecb05') in 0.003298 seconds
  Import took 0.006622 seconds .

========================================================================
Received Prepare
Registering precompiled user dll's ...
Registered in 0.000698 seconds.
Begin MonoManager ReloadAssembly
Native extension for WindowsStandalone target not found
Refreshing native plugins compatible for Editor in 0.36 ms, found 0 plugins.
Preloading 0 native plugins for Editor in 0.00 ms.
Invoked RoslynAnalysisRunner static constructor.
RoslynAnalysisRunner will not be running.
RoslynAnalysisRunner has terminated.
Mono: successfully reloaded assembly
- Completed reload, in  0.795 seconds
Platform modules already initialized, skipping
Refreshing native plugins compatible for Editor in 0.27 ms, found 0 plugins.
Preloading 0 native plugins for Editor in 0.00 ms.
Unloading 1287 Unused Serialized files (Serialized files now loaded: 0)
System memory in use before: 95.4 MB.
System memory in use after: 95.5 MB.

Unloading 5 unused Assets to reduce memory usage. Loaded Objects now: 1804.
Total: 1.576900 ms (FindLiveObjects: 0.177500 ms CreateObjectMapping: 0.054900 ms MarkObjects: 1.329700 ms  DeleteObjects: 0.013600 ms)

========================================================================
Received Import Request.
  Time since last request: 71.597677 seconds.
  path: Assets/Game/Core/Core.prefab
  artifactKey: Guid(f2ea91d66ae23924aa76308e0015b3dd) Importer(815301076,1909f56bfc062723c751e8b465ee728b)
Start importing Assets/Game/Core/Core.prefab using Guid(f2ea91d66ae23924aa76308e0015b3dd) Importer(815301076,1909f56bfc062723c751e8b465ee728b)  -> (artifact id: '4c80b4d4a979985a34ac9f545e55133f') in 0.154907 seconds
  Import took 0.160180 seconds .

========================================================================
Received Prepare
Registering precompiled user dll's ...
Registered in 0.000882 seconds.
Begin MonoManager ReloadAssembly
Native extension for WindowsStandalone target not found
Refreshing native plugins compatible for Editor in 0.50 ms, found 0 plugins.
Preloading 0 native plugins for Editor in 0.00 ms.
Invoked RoslynAnalysisRunner static constructor.
RoslynAnalysisRunner will not be running.
RoslynAnalysisRunner has terminated.
Mono: successfully reloaded assembly
- Completed reload, in  0.901 seconds
Platform modules already initialized, skipping
Refreshing native plugins compatible for Editor in 0.43 ms, found 0 plugins.
Preloading 0 native plugins for Editor in 0.00 ms.
Unloading 1287 Unused Serialized files (Serialized files now loaded: 0)
System memory in use before: 95.4 MB.
System memory in use after: 95.5 MB.

Unloading 5 unused Assets to reduce memory usage. Loaded Objects now: 1808.
Total: 3.198800 ms (FindLiveObjects: 0.350200 ms CreateObjectMapping: 0.170900 ms MarkObjects: 2.657800 ms  DeleteObjects: 0.018200 ms)

========================================================================
Received Prepare
Registering precompiled user dll's ...
Registered in 0.000695 seconds.
Begin MonoManager ReloadAssembly
Native extension for WindowsStandalone target not found
Refreshing native plugins compatible for Editor in 0.31 ms, found 0 plugins.
Preloading 0 native plugins for Editor in 0.00 ms.
Invoked RoslynAnalysisRunner static constructor.
RoslynAnalysisRunner will not be running.
RoslynAnalysisRunner has terminated.
Mono: successfully reloaded assembly
- Completed reload, in  0.765 seconds
Platform modules already initialized, skipping
Refreshing native plugins compatible for Editor in 0.33 ms, found 0 plugins.
Preloading 0 native plugins for Editor in 0.00 ms.
Unloading 1287 Unused Serialized files (Serialized files now loaded: 0)
System memory in use before: 95.4 MB.
System memory in use after: 95.5 MB.

Unloading 5 unused Assets to reduce memory usage. Loaded Objects now: 1811.
Total: 2.209800 ms (FindLiveObjects: 0.232700 ms CreateObjectMapping: 0.176600 ms MarkObjects: 1.778500 ms  DeleteObjects: 0.020700 ms)

========================================================================
Received Import Request.
  Time since last request: 31357.584020 seconds.
  path: Assets/Game/Core/Core.prefab
  artifactKey: Guid(f2ea91d66ae23924aa76308e0015b3dd) Importer(815301076,1909f56bfc062723c751e8b465ee728b)
Start importing Assets/Game/Core/Core.prefab using Guid(f2ea91d66ae23924aa76308e0015b3dd) Importer(815301076,1909f56bfc062723c751e8b465ee728b)  -> (artifact id: '4c288ed73533a823e8d61eb270c815d5') in 0.478674 seconds
  Import took 0.525414 seconds .

========================================================================
Received Prepare
Registering precompiled user dll's ...
Registered in 0.000871 seconds.
Begin MonoManager ReloadAssembly
Native extension for WindowsStandalone target not found
Refreshing native plugins compatible for Editor in 0.33 ms, found 0 plugins.
Preloading 0 native plugins for Editor in 0.00 ms.
Invoked RoslynAnalysisRunner static constructor.
RoslynAnalysisRunner will not be running.
RoslynAnalysisRunner has terminated.
Mono: successfully reloaded assembly
- Completed reload, in  0.854 seconds
Platform modules already initialized, skipping
Refreshing native plugins compatible for Editor in 0.32 ms, found 0 plugins.
Preloading 0 native plugins for Editor in 0.00 ms.
Unloading 1287 Unused Serialized files (Serialized files now loaded: 0)
System memory in use before: 95.4 MB.
System memory in use after: 95.5 MB.

Unloading 5 unused Assets to reduce memory usage. Loaded Objects now: 1815.
Total: 2.183600 ms (FindLiveObjects: 0.223900 ms CreateObjectMapping: 0.084500 ms MarkObjects: 1.810800 ms  DeleteObjects: 0.063100 ms)

========================================================================
Received Import Request.
  Time since last request: 3217.402471 seconds.
  path: Assets/Game/Core/Progression.asset
  artifactKey: Guid(35693b7beba523f4da84dab70b86d13e) Importer(815301076,1909f56bfc062723c751e8b465ee728b)
Start importing Assets/Game/Core/Progression.asset using Guid(35693b7beba523f4da84dab70b86d13e) Importer(815301076,1909f56bfc062723c751e8b465ee728b)  -> (artifact id: '26bba9f07542ace1d97d9c779678d3fc') in 0.023182 seconds
  Import took 0.027620 seconds .

AssetImportWorkerClient::OnTransportError - code=2 error=End of file
