Using pre-set license
Built from '2020.3/release' branch; Version is '2020.3.1f1 (77a89f25062f) revision 7841951'; Using compiler version '192528614'; Build Type 'Release'
OS: 'Windows 10 Pro; OS build 19042.985; Version 2009; 64bit' Language: 'ru' Physical Memory: 16316 MB
BatchMode: 1, IsHumanControllingUs: 0, StartBugReporterOnCrash: 0, Is64bit: 1, IsPro: 0

 COMMAND LINE ARGUMENTS:
D:\Projects\UnityProjects\2020.3.1f1\Editor\Unity.exe
-adb2
-batchMode
-noUpm
-name
AssetImportWorker0
-projectPath
D:/Projects/UnityProjects/TheDiamondOfTheDragonSword
-logFile
Logs/AssetImportWorker0.log
-srvPort
51977
Successfully changed project path to: D:/Projects/UnityProjects/TheDiamondOfTheDragonSword
D:/Projects/UnityProjects/TheDiamondOfTheDragonSword
Using Asset Import Pipeline V2.
Refreshing native plugins compatible for Editor in 37.37 ms, found 0 plugins.
Preloading 0 native plugins for Editor in 0.00 ms.
Initialize engine version: 2020.3.1f1 (77a89f25062f)
[Subsystems] Discovering subsystems at path D:/Projects/UnityProjects/2020.3.1f1/Editor/Data/Resources/UnitySubsystems
[Subsystems] Discovering subsystems at path D:/Projects/UnityProjects/TheDiamondOfTheDragonSword/Assets
GfxDevice: creating device client; threaded=0
Direct3D:
    Version:  Direct3D 11.0 [level 11.1]
    Renderer: Radeon RX 590 Series (ID=0x67df)
    Vendor:   
    VRAM:     8171 MB
    Driver:   27.20.15003.1004
Initialize mono
Mono path[0] = 'D:/Projects/UnityProjects/2020.3.1f1/Editor/Data/Managed'
Mono path[1] = 'D:/Projects/UnityProjects/2020.3.1f1/Editor/Data/MonoBleedingEdge/lib/mono/unityjit'
Mono config path = 'D:/Projects/UnityProjects/2020.3.1f1/Editor/Data/MonoBleedingEdge/etc'
Using monoOptions --debugger-agent=transport=dt_socket,embedding=1,server=y,suspend=n,address=127.0.0.1:56100
Begin MonoManager ReloadAssembly
Registering precompiled unity dll's ...
Register platform support module: D:/Projects/UnityProjects/2020.3.1f1/Editor/Data/PlaybackEngines/WindowsStandaloneSupport/UnityEditor.WindowsStandalone.Extensions.dll
Registered in 0.001295 seconds.
Native extension for WindowsStandalone target not found
Refreshing native plugins compatible for Editor in 36.74 ms, found 0 plugins.
Preloading 0 native plugins for Editor in 0.00 ms.
Invoked RoslynAnalysisRunner static constructor.
RoslynAnalysisRunner will not be running.
RoslynAnalysisRunner has terminated.
Mono: successfully reloaded assembly
- Completed reload, in  1.828 seconds
Platform modules already initialized, skipping
Registering precompiled user dll's ...
Registered in 0.000751 seconds.
Begin MonoManager ReloadAssembly
Native extension for WindowsStandalone target not found
Refreshing native plugins compatible for Editor in 0.30 ms, found 0 plugins.
Preloading 0 native plugins for Editor in 0.00 ms.
Invoked RoslynAnalysisRunner static constructor.
RoslynAnalysisRunner will not be running.
RoslynAnalysisRunner has terminated.
Mono: successfully reloaded assembly
- Completed reload, in  0.895 seconds
Platform modules already initialized, skipping
========================================================================
Worker process is ready to serve import requests
Launched and connected shader compiler UnityShaderCompiler.exe after 0.06 seconds
Refreshing native plugins compatible for Editor in 0.33 ms, found 0 plugins.
Preloading 0 native plugins for Editor in 0.00 ms.
Unloading 1311 Unused Serialized files (Serialized files now loaded: 0)
System memory in use before: 85.8 MB.
System memory in use after: 85.8 MB.

Unloading 10 unused Assets to reduce memory usage. Loaded Objects now: 1779.
Total: 2.215400 ms (FindLiveObjects: 0.298100 ms CreateObjectMapping: 0.048100 ms MarkObjects: 1.768800 ms  DeleteObjects: 0.098500 ms)

========================================================================
Received Import Request.
  path: Assets/Scripts/Combat/WeaponPickup.cs
  artifactKey: Guid(d028a26281fffe942bed4e28118df051) Importer(815301076,1909f56bfc062723c751e8b465ee728b)
Start importing Assets/Scripts/Combat/WeaponPickup.cs using Guid(d028a26281fffe942bed4e28118df051) Importer(815301076,1909f56bfc062723c751e8b465ee728b)  -> (artifact id: '990d29ad060cec7364e49ecd748e7846') in 0.037913 seconds
  Import took 0.040239 seconds .

========================================================================
Received Prepare
Registering precompiled user dll's ...
Registered in 0.000884 seconds.
Begin MonoManager ReloadAssembly
Native extension for WindowsStandalone target not found
Refreshing native plugins compatible for Editor in 0.30 ms, found 0 plugins.
Preloading 0 native plugins for Editor in 0.00 ms.
Invoked RoslynAnalysisRunner static constructor.
RoslynAnalysisRunner will not be running.
RoslynAnalysisRunner has terminated.
Mono: successfully reloaded assembly
- Completed reload, in  0.819 seconds
Platform modules already initialized, skipping
Refreshing native plugins compatible for Editor in 0.30 ms, found 0 plugins.
Preloading 0 native plugins for Editor in 0.00 ms.
Unloading 1291 Unused Serialized files (Serialized files now loaded: 0)
System memory in use before: 84.6 MB.
System memory in use after: 84.7 MB.

Unloading 5 unused Assets to reduce memory usage. Loaded Objects now: 1783.
Total: 1.892600 ms (FindLiveObjects: 0.180500 ms CreateObjectMapping: 0.041000 ms MarkObjects: 1.652500 ms  DeleteObjects: 0.017500 ms)

========================================================================
Received Prepare
Registering precompiled user dll's ...
Registered in 0.000933 seconds.
Begin MonoManager ReloadAssembly
Native extension for WindowsStandalone target not found
Refreshing native plugins compatible for Editor in 0.30 ms, found 0 plugins.
Preloading 0 native plugins for Editor in 0.00 ms.
Invoked RoslynAnalysisRunner static constructor.
RoslynAnalysisRunner will not be running.
RoslynAnalysisRunner has terminated.
Mono: successfully reloaded assembly
- Completed reload, in  0.796 seconds
Platform modules already initialized, skipping
Refreshing native plugins compatible for Editor in 0.34 ms, found 0 plugins.
Preloading 0 native plugins for Editor in 0.00 ms.
Unloading 1290 Unused Serialized files (Serialized files now loaded: 0)
System memory in use before: 84.6 MB.
System memory in use after: 84.7 MB.

Unloading 5 unused Assets to reduce memory usage. Loaded Objects now: 1786.
Total: 1.738200 ms (FindLiveObjects: 0.179400 ms CreateObjectMapping: 0.033000 ms MarkObjects: 1.510400 ms  DeleteObjects: 0.014400 ms)

========================================================================
Received Prepare
Registering precompiled user dll's ...
Registered in 0.000732 seconds.
Begin MonoManager ReloadAssembly
Native extension for WindowsStandalone target not found
Refreshing native plugins compatible for Editor in 0.36 ms, found 0 plugins.
Preloading 0 native plugins for Editor in 0.00 ms.
Invoked RoslynAnalysisRunner static constructor.
RoslynAnalysisRunner will not be running.
RoslynAnalysisRunner has terminated.
Mono: successfully reloaded assembly
- Completed reload, in  0.808 seconds
Platform modules already initialized, skipping
Refreshing native plugins compatible for Editor in 0.45 ms, found 0 plugins.
Preloading 0 native plugins for Editor in 0.00 ms.
Unloading 1290 Unused Serialized files (Serialized files now loaded: 0)
System memory in use before: 84.6 MB.
System memory in use after: 84.7 MB.

Unloading 5 unused Assets to reduce memory usage. Loaded Objects now: 1789.
Total: 1.674700 ms (FindLiveObjects: 0.177100 ms CreateObjectMapping: 0.030500 ms MarkObjects: 1.453600 ms  DeleteObjects: 0.012500 ms)

========================================================================
Received Prepare
Registering precompiled user dll's ...
Registered in 0.000762 seconds.
Begin MonoManager ReloadAssembly
Native extension for WindowsStandalone target not found
Refreshing native plugins compatible for Editor in 0.30 ms, found 0 plugins.
Preloading 0 native plugins for Editor in 0.00 ms.
Invoked RoslynAnalysisRunner static constructor.
RoslynAnalysisRunner will not be running.
RoslynAnalysisRunner has terminated.
Mono: successfully reloaded assembly
- Completed reload, in  0.791 seconds
Platform modules already initialized, skipping
Refreshing native plugins compatible for Editor in 0.30 ms, found 0 plugins.
Preloading 0 native plugins for Editor in 0.00 ms.
Unloading 1290 Unused Serialized files (Serialized files now loaded: 0)
System memory in use before: 84.6 MB.
System memory in use after: 84.7 MB.

Unloading 5 unused Assets to reduce memory usage. Loaded Objects now: 1792.
Total: 1.715100 ms (FindLiveObjects: 0.187500 ms CreateObjectMapping: 0.031000 ms MarkObjects: 1.481000 ms  DeleteObjects: 0.014400 ms)

========================================================================
Received Prepare
Registering precompiled user dll's ...
Registered in 0.000683 seconds.
Begin MonoManager ReloadAssembly
Native extension for WindowsStandalone target not found
Refreshing native plugins compatible for Editor in 0.30 ms, found 0 plugins.
Preloading 0 native plugins for Editor in 0.00 ms.
Invoked RoslynAnalysisRunner static constructor.
RoslynAnalysisRunner will not be running.
RoslynAnalysisRunner has terminated.
Mono: successfully reloaded assembly
- Completed reload, in  0.790 seconds
Platform modules already initialized, skipping
Refreshing native plugins compatible for Editor in 0.30 ms, found 0 plugins.
Preloading 0 native plugins for Editor in 0.00 ms.
Unloading 1290 Unused Serialized files (Serialized files now loaded: 0)
System memory in use before: 84.6 MB.
System memory in use after: 84.7 MB.

Unloading 5 unused Assets to reduce memory usage. Loaded Objects now: 1795.
Total: 1.660800 ms (FindLiveObjects: 0.168100 ms CreateObjectMapping: 0.032100 ms MarkObjects: 1.447400 ms  DeleteObjects: 0.012400 ms)

========================================================================
Received Prepare
Registering precompiled user dll's ...
Registered in 0.000856 seconds.
Begin MonoManager ReloadAssembly
Native extension for WindowsStandalone target not found
Refreshing native plugins compatible for Editor in 0.32 ms, found 0 plugins.
Preloading 0 native plugins for Editor in 0.00 ms.
Invoked RoslynAnalysisRunner static constructor.
RoslynAnalysisRunner will not be running.
RoslynAnalysisRunner has terminated.
Mono: successfully reloaded assembly
- Completed reload, in  0.837 seconds
Platform modules already initialized, skipping
Refreshing native plugins compatible for Editor in 0.33 ms, found 0 plugins.
Preloading 0 native plugins for Editor in 0.00 ms.
Unloading 1290 Unused Serialized files (Serialized files now loaded: 0)
System memory in use before: 84.6 MB.
System memory in use after: 84.7 MB.

Unloading 5 unused Assets to reduce memory usage. Loaded Objects now: 1798.
Total: 1.962800 ms (FindLiveObjects: 0.238300 ms CreateObjectMapping: 0.053600 ms MarkObjects: 1.652900 ms  DeleteObjects: 0.016400 ms)

========================================================================
Received Prepare
Registering precompiled user dll's ...
Registered in 0.000725 seconds.
Begin MonoManager ReloadAssembly
Native extension for WindowsStandalone target not found
Refreshing native plugins compatible for Editor in 0.30 ms, found 0 plugins.
Preloading 0 native plugins for Editor in 0.00 ms.
Invoked RoslynAnalysisRunner static constructor.
RoslynAnalysisRunner will not be running.
RoslynAnalysisRunner has terminated.
Mono: successfully reloaded assembly
- Completed reload, in  0.806 seconds
Platform modules already initialized, skipping
Refreshing native plugins compatible for Editor in 0.30 ms, found 0 plugins.
Preloading 0 native plugins for Editor in 0.00 ms.
Unloading 1290 Unused Serialized files (Serialized files now loaded: 0)
System memory in use before: 84.6 MB.
System memory in use after: 84.7 MB.

Unloading 5 unused Assets to reduce memory usage. Loaded Objects now: 1801.
Total: 1.638900 ms (FindLiveObjects: 0.176300 ms CreateObjectMapping: 0.031500 ms MarkObjects: 1.417900 ms  DeleteObjects: 0.012200 ms)

========================================================================
Received Prepare
Registering precompiled user dll's ...
Registered in 0.000823 seconds.
Begin MonoManager ReloadAssembly
Native extension for WindowsStandalone target not found
Refreshing native plugins compatible for Editor in 0.30 ms, found 0 plugins.
Preloading 0 native plugins for Editor in 0.00 ms.
Invoked RoslynAnalysisRunner static constructor.
RoslynAnalysisRunner will not be running.
RoslynAnalysisRunner has terminated.
Mono: successfully reloaded assembly
- Completed reload, in  0.836 seconds
Platform modules already initialized, skipping
Refreshing native plugins compatible for Editor in 0.30 ms, found 0 plugins.
Preloading 0 native plugins for Editor in 0.00 ms.
Unloading 1290 Unused Serialized files (Serialized files now loaded: 0)
System memory in use before: 84.6 MB.
System memory in use after: 84.7 MB.

Unloading 5 unused Assets to reduce memory usage. Loaded Objects now: 1804.
Total: 3.465400 ms (FindLiveObjects: 0.250500 ms CreateObjectMapping: 0.041200 ms MarkObjects: 3.145700 ms  DeleteObjects: 0.026600 ms)

========================================================================
Received Prepare
Registering precompiled user dll's ...
Registered in 0.000688 seconds.
Begin MonoManager ReloadAssembly
Native extension for WindowsStandalone target not found
Refreshing native plugins compatible for Editor in 0.30 ms, found 0 plugins.
Preloading 0 native plugins for Editor in 0.00 ms.
Invoked RoslynAnalysisRunner static constructor.
RoslynAnalysisRunner will not be running.
RoslynAnalysisRunner has terminated.
Mono: successfully reloaded assembly
- Completed reload, in  0.791 seconds
Platform modules already initialized, skipping
Refreshing native plugins compatible for Editor in 0.30 ms, found 0 plugins.
Preloading 0 native plugins for Editor in 0.00 ms.
Unloading 1290 Unused Serialized files (Serialized files now loaded: 0)
System memory in use before: 84.6 MB.
System memory in use after: 84.7 MB.

Unloading 5 unused Assets to reduce memory usage. Loaded Objects now: 1807.
Total: 2.111600 ms (FindLiveObjects: 0.150600 ms CreateObjectMapping: 0.032200 ms MarkObjects: 1.909700 ms  DeleteObjects: 0.018200 ms)

========================================================================
Received Prepare
Registering precompiled user dll's ...
Registered in 0.000703 seconds.
Begin MonoManager ReloadAssembly
Native extension for WindowsStandalone target not found
Refreshing native plugins compatible for Editor in 0.30 ms, found 0 plugins.
Preloading 0 native plugins for Editor in 0.00 ms.
Invoked RoslynAnalysisRunner static constructor.
RoslynAnalysisRunner will not be running.
RoslynAnalysisRunner has terminated.
Mono: successfully reloaded assembly
- Completed reload, in  0.801 seconds
Platform modules already initialized, skipping
Refreshing native plugins compatible for Editor in 0.30 ms, found 0 plugins.
Preloading 0 native plugins for Editor in 0.00 ms.
Unloading 1290 Unused Serialized files (Serialized files now loaded: 0)
System memory in use before: 84.7 MB.
System memory in use after: 84.7 MB.

Unloading 5 unused Assets to reduce memory usage. Loaded Objects now: 1810.
Total: 1.819900 ms (FindLiveObjects: 0.180300 ms CreateObjectMapping: 0.033100 ms MarkObjects: 1.589800 ms  DeleteObjects: 0.015600 ms)

========================================================================
Received Prepare
Registering precompiled user dll's ...
Registered in 0.000769 seconds.
Begin MonoManager ReloadAssembly
Native extension for WindowsStandalone target not found
Refreshing native plugins compatible for Editor in 0.30 ms, found 0 plugins.
Preloading 0 native plugins for Editor in 0.00 ms.
Invoked RoslynAnalysisRunner static constructor.
RoslynAnalysisRunner will not be running.
RoslynAnalysisRunner has terminated.
Mono: successfully reloaded assembly
- Completed reload, in  0.795 seconds
Platform modules already initialized, skipping
Refreshing native plugins compatible for Editor in 0.44 ms, found 0 plugins.
Preloading 0 native plugins for Editor in 0.00 ms.
Unloading 1290 Unused Serialized files (Serialized files now loaded: 0)
System memory in use before: 84.7 MB.
System memory in use after: 84.8 MB.

Unloading 5 unused Assets to reduce memory usage. Loaded Objects now: 1813.
Total: 1.658700 ms (FindLiveObjects: 0.171600 ms CreateObjectMapping: 0.030800 ms MarkObjects: 1.442200 ms  DeleteObjects: 0.013300 ms)

========================================================================
Received Prepare
Registering precompiled user dll's ...
Registered in 0.000767 seconds.
Begin MonoManager ReloadAssembly
Native extension for WindowsStandalone target not found
Refreshing native plugins compatible for Editor in 0.31 ms, found 0 plugins.
Preloading 0 native plugins for Editor in 0.00 ms.
Invoked RoslynAnalysisRunner static constructor.
RoslynAnalysisRunner will not be running.
RoslynAnalysisRunner has terminated.
Mono: successfully reloaded assembly
- Completed reload, in  0.817 seconds
Platform modules already initialized, skipping
Refreshing native plugins compatible for Editor in 0.30 ms, found 0 plugins.
Preloading 0 native plugins for Editor in 0.00 ms.
Unloading 1290 Unused Serialized files (Serialized files now loaded: 0)
System memory in use before: 84.7 MB.
System memory in use after: 84.8 MB.

Unloading 5 unused Assets to reduce memory usage. Loaded Objects now: 1816.
Total: 2.112700 ms (FindLiveObjects: 0.192400 ms CreateObjectMapping: 0.042100 ms MarkObjects: 1.862000 ms  DeleteObjects: 0.015200 ms)

========================================================================
Received Prepare
Registering precompiled user dll's ...
Registered in 0.000708 seconds.
Begin MonoManager ReloadAssembly
Native extension for WindowsStandalone target not found
Refreshing native plugins compatible for Editor in 0.30 ms, found 0 plugins.
Preloading 0 native plugins for Editor in 0.00 ms.
Invoked RoslynAnalysisRunner static constructor.
RoslynAnalysisRunner will not be running.
RoslynAnalysisRunner has terminated.
Mono: successfully reloaded assembly
- Completed reload, in  0.805 seconds
Platform modules already initialized, skipping
Refreshing native plugins compatible for Editor in 0.30 ms, found 0 plugins.
Preloading 0 native plugins for Editor in 0.00 ms.
Unloading 1290 Unused Serialized files (Serialized files now loaded: 0)
System memory in use before: 84.7 MB.
System memory in use after: 84.8 MB.

Unloading 5 unused Assets to reduce memory usage. Loaded Objects now: 1819.
Total: 2.547200 ms (FindLiveObjects: 0.304300 ms CreateObjectMapping: 0.076800 ms MarkObjects: 2.142700 ms  DeleteObjects: 0.021500 ms)

========================================================================
Received Prepare
Registering precompiled user dll's ...
Registered in 0.000723 seconds.
Begin MonoManager ReloadAssembly
Native extension for WindowsStandalone target not found
Refreshing native plugins compatible for Editor in 0.31 ms, found 0 plugins.
Preloading 0 native plugins for Editor in 0.00 ms.
Invoked RoslynAnalysisRunner static constructor.
RoslynAnalysisRunner will not be running.
RoslynAnalysisRunner has terminated.
Mono: successfully reloaded assembly
- Completed reload, in  0.805 seconds
Platform modules already initialized, skipping
Refreshing native plugins compatible for Editor in 0.30 ms, found 0 plugins.
Preloading 0 native plugins for Editor in 0.00 ms.
Unloading 1290 Unused Serialized files (Serialized files now loaded: 0)
System memory in use before: 84.7 MB.
System memory in use after: 84.8 MB.

Unloading 5 unused Assets to reduce memory usage. Loaded Objects now: 1822.
Total: 1.778600 ms (FindLiveObjects: 0.169800 ms CreateObjectMapping: 0.031300 ms MarkObjects: 1.562000 ms  DeleteObjects: 0.014500 ms)

========================================================================
Received Prepare
Registering precompiled user dll's ...
Registered in 0.000718 seconds.
Begin MonoManager ReloadAssembly
Native extension for WindowsStandalone target not found
Refreshing native plugins compatible for Editor in 0.31 ms, found 0 plugins.
Preloading 0 native plugins for Editor in 0.00 ms.
Invoked RoslynAnalysisRunner static constructor.
RoslynAnalysisRunner will not be running.
RoslynAnalysisRunner has terminated.
Mono: successfully reloaded assembly
- Completed reload, in  0.791 seconds
Platform modules already initialized, skipping
Refreshing native plugins compatible for Editor in 0.30 ms, found 0 plugins.
Preloading 0 native plugins for Editor in 0.00 ms.
Unloading 1290 Unused Serialized files (Serialized files now loaded: 0)
System memory in use before: 84.7 MB.
System memory in use after: 84.8 MB.

Unloading 5 unused Assets to reduce memory usage. Loaded Objects now: 1825.
Total: 2.203000 ms (FindLiveObjects: 0.188600 ms CreateObjectMapping: 0.039800 ms MarkObjects: 1.955100 ms  DeleteObjects: 0.018300 ms)

========================================================================
Received Prepare
Registering precompiled user dll's ...
Registered in 0.000758 seconds.
Begin MonoManager ReloadAssembly
Native extension for WindowsStandalone target not found
Refreshing native plugins compatible for Editor in 0.29 ms, found 0 plugins.
Preloading 0 native plugins for Editor in 0.00 ms.
Invoked RoslynAnalysisRunner static constructor.
RoslynAnalysisRunner will not be running.
RoslynAnalysisRunner has terminated.
Mono: successfully reloaded assembly
- Completed reload, in  0.803 seconds
Platform modules already initialized, skipping
Refreshing native plugins compatible for Editor in 0.29 ms, found 0 plugins.
Preloading 0 native plugins for Editor in 0.00 ms.
Unloading 1290 Unused Serialized files (Serialized files now loaded: 0)
System memory in use before: 84.7 MB.
System memory in use after: 84.8 MB.

Unloading 5 unused Assets to reduce memory usage. Loaded Objects now: 1828.
Total: 1.890400 ms (FindLiveObjects: 0.210800 ms CreateObjectMapping: 0.036300 ms MarkObjects: 1.628500 ms  DeleteObjects: 0.013800 ms)

========================================================================
Received Prepare
Registering precompiled user dll's ...
Registered in 0.000759 seconds.
Begin MonoManager ReloadAssembly
Native extension for WindowsStandalone target not found
Refreshing native plugins compatible for Editor in 0.34 ms, found 0 plugins.
Preloading 0 native plugins for Editor in 0.00 ms.
Invoked RoslynAnalysisRunner static constructor.
RoslynAnalysisRunner will not be running.
RoslynAnalysisRunner has terminated.
Mono: successfully reloaded assembly
- Completed reload, in  0.789 seconds
Platform modules already initialized, skipping
Refreshing native plugins compatible for Editor in 0.31 ms, found 0 plugins.
Preloading 0 native plugins for Editor in 0.00 ms.
Unloading 1290 Unused Serialized files (Serialized files now loaded: 0)
System memory in use before: 84.7 MB.
System memory in use after: 84.8 MB.

Unloading 5 unused Assets to reduce memory usage. Loaded Objects now: 1831.
Total: 2.428500 ms (FindLiveObjects: 0.319900 ms CreateObjectMapping: 0.043600 ms MarkObjects: 2.045600 ms  DeleteObjects: 0.017700 ms)

========================================================================
Received Prepare
Registering precompiled user dll's ...
Registered in 0.000850 seconds.
Begin MonoManager ReloadAssembly
Native extension for WindowsStandalone target not found
Refreshing native plugins compatible for Editor in 0.31 ms, found 0 plugins.
Preloading 0 native plugins for Editor in 0.00 ms.
Invoked RoslynAnalysisRunner static constructor.
RoslynAnalysisRunner will not be running.
RoslynAnalysisRunner has terminated.
Mono: successfully reloaded assembly
- Completed reload, in  0.812 seconds
Platform modules already initialized, skipping
Refreshing native plugins compatible for Editor in 0.30 ms, found 0 plugins.
Preloading 0 native plugins for Editor in 0.00 ms.
Unloading 1291 Unused Serialized files (Serialized files now loaded: 0)
System memory in use before: 84.7 MB.
System memory in use after: 84.8 MB.

Unloading 5 unused Assets to reduce memory usage. Loaded Objects now: 1835.
Total: 1.768700 ms (FindLiveObjects: 0.250300 ms CreateObjectMapping: 0.031500 ms MarkObjects: 1.469800 ms  DeleteObjects: 0.015600 ms)

========================================================================
Received Prepare
Registering precompiled user dll's ...
Registered in 0.000735 seconds.
Begin MonoManager ReloadAssembly
Native extension for WindowsStandalone target not found
Refreshing native plugins compatible for Editor in 0.36 ms, found 0 plugins.
Preloading 0 native plugins for Editor in 0.00 ms.
Invoked RoslynAnalysisRunner static constructor.
RoslynAnalysisRunner will not be running.
RoslynAnalysisRunner has terminated.
Mono: successfully reloaded assembly
- Completed reload, in  0.795 seconds
Platform modules already initialized, skipping
Refreshing native plugins compatible for Editor in 0.44 ms, found 0 plugins.
Preloading 0 native plugins for Editor in 0.00 ms.
Unloading 1291 Unused Serialized files (Serialized files now loaded: 0)
System memory in use before: 84.7 MB.
System memory in use after: 84.8 MB.

Unloading 5 unused Assets to reduce memory usage. Loaded Objects now: 1838.
Total: 1.707900 ms (FindLiveObjects: 0.178600 ms CreateObjectMapping: 0.034300 ms MarkObjects: 1.480400 ms  DeleteObjects: 0.013600 ms)

========================================================================
Received Import Request.
  Time since last request: 3863.096576 seconds.
  path: Assets/Asset Packs/GameDev.tv Assets/Simple Arrow/Materials & Meshes/Arrow.png
  artifactKey: Guid(2e6d68933b64db744bb72b2109325e06) Importer(815301076,1909f56bfc062723c751e8b465ee728b)
Start importing Assets/Asset Packs/GameDev.tv Assets/Simple Arrow/Materials & Meshes/Arrow.png using Guid(2e6d68933b64db744bb72b2109325e06) Importer(815301076,1909f56bfc062723c751e8b465ee728b)  -> (artifact id: '1a3c4051cc5e5078e4899e4088cd5571') in 0.053469 seconds
  Import took 0.056065 seconds .

========================================================================
Received Import Request.
  Time since last request: 0.000292 seconds.
  path: Assets/Asset Packs/Pixel Cursors/Cursors/Bonus_17.png
  artifactKey: Guid(fee23eb8e5d9ba84ab01910b874b4b30) Importer(815301076,1909f56bfc062723c751e8b465ee728b)
Start importing Assets/Asset Packs/Pixel Cursors/Cursors/Bonus_17.png using Guid(fee23eb8e5d9ba84ab01910b874b4b30) Importer(815301076,1909f56bfc062723c751e8b465ee728b)  -> (artifact id: 'a7c69761a7a1c912191f5a2897f3ff2c') in 0.006048 seconds
  Import took 0.008063 seconds .

========================================================================
Received Import Request.
  Time since last request: 0.000280 seconds.
  path: Assets/Asset Packs/GameDev.tv Assets/Simple Arrow/Materials & Meshes/Arrow.png
  artifactKey: Guid(2e6d68933b64db744bb72b2109325e06) Importer(815301076,1909f56bfc062723c751e8b465ee728b)
Start importing Assets/Asset Packs/GameDev.tv Assets/Simple Arrow/Materials & Meshes/Arrow.png using Guid(2e6d68933b64db744bb72b2109325e06) Importer(815301076,1909f56bfc062723c751e8b465ee728b)  -> (artifact id: '1a3c4051cc5e5078e4899e4088cd5571') in 0.005190 seconds
  Import took 0.007176 seconds .

========================================================================
Received Import Request.
  Time since last request: 0.000282 seconds.
  path: Assets/Asset Packs/Pixel Cursors/Cursors/Bonus_12.png
  artifactKey: Guid(86d67df840a2fea4885e6d8c9b7b6e33) Importer(815301076,1909f56bfc062723c751e8b465ee728b)
Start importing Assets/Asset Packs/Pixel Cursors/Cursors/Bonus_12.png using Guid(86d67df840a2fea4885e6d8c9b7b6e33) Importer(815301076,1909f56bfc062723c751e8b465ee728b)  -> (artifact id: 'dead280b1d3f28e071fa0c1d06d46339') in 0.004917 seconds
  Import took 0.006921 seconds .

========================================================================
Received Import Request.
  Time since last request: 0.000296 seconds.
  path: Assets/Asset Packs/Pixel Cursors/Cursors/basic_01.png
  artifactKey: Guid(2e71a8202d3b4a3448ec85ced5a40265) Importer(815301076,1909f56bfc062723c751e8b465ee728b)
Start importing Assets/Asset Packs/Pixel Cursors/Cursors/basic_01.png using Guid(2e71a8202d3b4a3448ec85ced5a40265) Importer(815301076,1909f56bfc062723c751e8b465ee728b)  -> (artifact id: '155fb33aeae9e0855b8c9d781feccc45') in 0.005357 seconds
  Import took 0.007304 seconds .

========================================================================
Received Import Request.
  Time since last request: 0.000306 seconds.
  path: Assets/Asset Packs/Pixel Cursors/Cursors/Bonus_06.png
  artifactKey: Guid(a4d35a1210326f64fa2339d2ae104afe) Importer(815301076,1909f56bfc062723c751e8b465ee728b)
Start importing Assets/Asset Packs/Pixel Cursors/Cursors/Bonus_06.png using Guid(a4d35a1210326f64fa2339d2ae104afe) Importer(815301076,1909f56bfc062723c751e8b465ee728b)  -> (artifact id: 'ba8e3c41a248c6ba06072070217ec95e') in 0.016262 seconds
  Import took 0.018244 seconds .

========================================================================
Received Import Request.
  Time since last request: 0.000271 seconds.
  path: Assets/Asset Packs/Pixel Cursors/Cursors/Bonus_16.png
  artifactKey: Guid(45d8aea3ad483cf4fb21e75f90f795d9) Importer(815301076,1909f56bfc062723c751e8b465ee728b)
Start importing Assets/Asset Packs/Pixel Cursors/Cursors/Bonus_16.png using Guid(45d8aea3ad483cf4fb21e75f90f795d9) Importer(815301076,1909f56bfc062723c751e8b465ee728b)  -> (artifact id: 'ba894ebe13a91d7c8053dea73bd5b3d3') in 0.004980 seconds
  Import took 0.006850 seconds .

========================================================================
Received Import Request.
  Time since last request: 0.000265 seconds.
  path: Assets/Asset Packs/Pixel Cursors/Cursors/Bonus_08.png
  artifactKey: Guid(1051f212ef1e8ef4b9af98a1c1a76492) Importer(815301076,1909f56bfc062723c751e8b465ee728b)
Start importing Assets/Asset Packs/Pixel Cursors/Cursors/Bonus_08.png using Guid(1051f212ef1e8ef4b9af98a1c1a76492) Importer(815301076,1909f56bfc062723c751e8b465ee728b)  -> (artifact id: '9ae10aab6bf88120dd2ac336b82db125') in 0.004755 seconds
  Import took 0.006653 seconds .

========================================================================
Received Import Request.
  Time since last request: 0.000338 seconds.
  path: Assets/Asset Packs/Pixel Cursors/Cursors/Bonus_13.png
  artifactKey: Guid(a368e02a212c61c4b8b3db8078d7bb35) Importer(815301076,1909f56bfc062723c751e8b465ee728b)
Start importing Assets/Asset Packs/Pixel Cursors/Cursors/Bonus_13.png using Guid(a368e02a212c61c4b8b3db8078d7bb35) Importer(815301076,1909f56bfc062723c751e8b465ee728b)  -> (artifact id: 'a0e14894ddb558373daa263b347f76ea') in 0.004726 seconds
  Import took 0.006691 seconds .

========================================================================
Received Import Request.
  Time since last request: 0.000289 seconds.
  path: Assets/Asset Packs/Pixel Cursors/Cursors/Bonus_23.png
  artifactKey: Guid(682ecf9336b03ba4bb7f247b4d891511) Importer(815301076,1909f56bfc062723c751e8b465ee728b)
Start importing Assets/Asset Packs/Pixel Cursors/Cursors/Bonus_23.png using Guid(682ecf9336b03ba4bb7f247b4d891511) Importer(815301076,1909f56bfc062723c751e8b465ee728b)  -> (artifact id: '80bfb0ea2e51083005f01b90c5ca6b92') in 0.005505 seconds
  Import took 0.007505 seconds .

========================================================================
Received Import Request.
  Time since last request: 0.000297 seconds.
  path: Assets/Asset Packs/Pixel Cursors/Cursors/basic_01 RED.png
  artifactKey: Guid(2a2b4775272c890448e1bd6239fdfc84) Importer(815301076,1909f56bfc062723c751e8b465ee728b)
Start importing Assets/Asset Packs/Pixel Cursors/Cursors/basic_01 RED.png using Guid(2a2b4775272c890448e1bd6239fdfc84) Importer(815301076,1909f56bfc062723c751e8b465ee728b)  -> (artifact id: '971f28b1df9ffa49563a31c1c312cf9c') in 0.007574 seconds
  Import took 0.009627 seconds .

========================================================================
Received Import Request.
  Time since last request: 0.000333 seconds.
  path: Assets/Asset Packs/Pixel Cursors/Cursors/Bonus_21.png
  artifactKey: Guid(b7bcd258bb3a6ce43bc22b6c569d2015) Importer(815301076,1909f56bfc062723c751e8b465ee728b)
Start importing Assets/Asset Packs/Pixel Cursors/Cursors/Bonus_21.png using Guid(b7bcd258bb3a6ce43bc22b6c569d2015) Importer(815301076,1909f56bfc062723c751e8b465ee728b)  -> (artifact id: '782ce4abf7e0a6f5b1bb5b295f0386af') in 0.004940 seconds
  Import took 0.007207 seconds .

========================================================================
Received Import Request.
  Time since last request: 0.000342 seconds.
  path: Assets/Asset Packs/Pixel Cursors/Cursors/Bonus_24.png
  artifactKey: Guid(4c1d62d9215a73a4b933db561be30e7b) Importer(815301076,1909f56bfc062723c751e8b465ee728b)
Start importing Assets/Asset Packs/Pixel Cursors/Cursors/Bonus_24.png using Guid(4c1d62d9215a73a4b933db561be30e7b) Importer(815301076,1909f56bfc062723c751e8b465ee728b)  -> (artifact id: 'e0a2ab310bc1b64aec23f34c6cf8261b') in 0.005426 seconds
  Import took 0.007642 seconds .

========================================================================
Received Import Request.
  Time since last request: 0.000273 seconds.
  path: Assets/Asset Packs/Pixel Cursors/Cursors/Bonus_04.png
  artifactKey: Guid(5235a45d7adbb4346a2152298d55bff9) Importer(815301076,1909f56bfc062723c751e8b465ee728b)
Start importing Assets/Asset Packs/Pixel Cursors/Cursors/Bonus_04.png using Guid(5235a45d7adbb4346a2152298d55bff9) Importer(815301076,1909f56bfc062723c751e8b465ee728b)  -> (artifact id: '01020bdd56fd2bd97587559887066377') in 0.004807 seconds
  Import took 0.006783 seconds .

========================================================================
Received Import Request.
  Time since last request: 0.000334 seconds.
  path: Assets/Asset Packs/Pixel Cursors/Cursors/Bonus_15.png
  artifactKey: Guid(2d18e23e3ce249b4489b8bcdd02d3f48) Importer(815301076,1909f56bfc062723c751e8b465ee728b)
Start importing Assets/Asset Packs/Pixel Cursors/Cursors/Bonus_15.png using Guid(2d18e23e3ce249b4489b8bcdd02d3f48) Importer(815301076,1909f56bfc062723c751e8b465ee728b)  -> (artifact id: '85aab64b0e7bc6e0222521f1d0ca5c0f') in 0.004949 seconds
  Import took 0.007137 seconds .

========================================================================
Received Import Request.
  Time since last request: 0.000263 seconds.
  path: Assets/Asset Packs/Pixel Cursors/Cursors/Bonus_20.png
  artifactKey: Guid(89f40d0702ab04b4eaa85fc24b20959b) Importer(815301076,1909f56bfc062723c751e8b465ee728b)
Start importing Assets/Asset Packs/Pixel Cursors/Cursors/Bonus_20.png using Guid(89f40d0702ab04b4eaa85fc24b20959b) Importer(815301076,1909f56bfc062723c751e8b465ee728b)  -> (artifact id: 'fc29d3d1a9c7719fa94ab802c5a577b3') in 0.007899 seconds
  Import took 0.009926 seconds .

========================================================================
Received Import Request.
  Time since last request: 0.000376 seconds.
  path: Assets/Asset Packs/Pixel Cursors/Cursors/Bonus_22.png
  artifactKey: Guid(da684d26f38d13c4e96887188e7be456) Importer(815301076,1909f56bfc062723c751e8b465ee728b)
Start importing Assets/Asset Packs/Pixel Cursors/Cursors/Bonus_22.png using Guid(da684d26f38d13c4e96887188e7be456) Importer(815301076,1909f56bfc062723c751e8b465ee728b)  -> (artifact id: 'b5ee61599b372ac25f83fe6b52f7343c') in 0.004871 seconds
  Import took 0.007047 seconds .

========================================================================
Received Import Request.
  Time since last request: 0.000317 seconds.
  path: Assets/Asset Packs/FREE Skyboxes - Sci-Fi & Fantasy/SBS Sci-Fi & Fantasy 4/Medium/Textures/Back_SBS Sci-Fi & Fantasy 4 Medium.png
  artifactKey: Guid(fef8e5d58f09e9a43bd7caabf51a4835) Importer(815301076,1909f56bfc062723c751e8b465ee728b)
Start importing Assets/Asset Packs/FREE Skyboxes - Sci-Fi & Fantasy/SBS Sci-Fi & Fantasy 4/Medium/Textures/Back_SBS Sci-Fi & Fantasy 4 Medium.png using Guid(fef8e5d58f09e9a43bd7caabf51a4835) Importer(815301076,1909f56bfc062723c751e8b465ee728b)  -> (artifact id: 'c49d21d60c9de2b62aa8ddd7786e218e') in 0.174317 seconds
  Import took 0.177199 seconds .

========================================================================
Received Import Request.
  Time since last request: 0.000302 seconds.
  path: Assets/Asset Packs/Pixel Cursors/Cursors/Bonus_05.png
  artifactKey: Guid(3451779baa5804d40bf1e952eb56a81a) Importer(815301076,1909f56bfc062723c751e8b465ee728b)
Start importing Assets/Asset Packs/Pixel Cursors/Cursors/Bonus_05.png using Guid(3451779baa5804d40bf1e952eb56a81a) Importer(815301076,1909f56bfc062723c751e8b465ee728b)  -> (artifact id: '146f8a5c9bdf62ecaadd26a42fc2f547') in 0.004612 seconds
  Import took 0.006857 seconds .

========================================================================
Received Import Request.
  Time since last request: 0.000304 seconds.
  path: Assets/Asset Packs/Pixel Cursors/Cursors/Bonus_11.png
  artifactKey: Guid(1404db4e34954e44aae5a8befd19ce76) Importer(815301076,1909f56bfc062723c751e8b465ee728b)
Start importing Assets/Asset Packs/Pixel Cursors/Cursors/Bonus_11.png using Guid(1404db4e34954e44aae5a8befd19ce76) Importer(815301076,1909f56bfc062723c751e8b465ee728b)  -> (artifact id: '2479b4f3106bb3289ce6e4bebe0fae08') in 0.004705 seconds
  Import took 0.006606 seconds .

========================================================================
Received Import Request.
  Time since last request: 0.000267 seconds.
  path: Assets/Asset Packs/Pixel Cursors/Cursors/basic_01 YELLOW.png
  artifactKey: Guid(6fdfcd4167ed5e7488584241bb671bb2) Importer(815301076,1909f56bfc062723c751e8b465ee728b)
Start importing Assets/Asset Packs/Pixel Cursors/Cursors/basic_01 YELLOW.png using Guid(6fdfcd4167ed5e7488584241bb671bb2) Importer(815301076,1909f56bfc062723c751e8b465ee728b)  -> (artifact id: '0b2a191245bbd6e68b49fd97bbb86bf2') in 0.004919 seconds
  Import took 0.006960 seconds .

========================================================================
Received Import Request.
  Time since last request: 0.000303 seconds.
  path: Assets/Asset Packs/Pixel Cursors/Cursors/Bonus_18.png
  artifactKey: Guid(ce721f19cdaf0c94aa847c79afb72708) Importer(815301076,1909f56bfc062723c751e8b465ee728b)
Start importing Assets/Asset Packs/Pixel Cursors/Cursors/Bonus_18.png using Guid(ce721f19cdaf0c94aa847c79afb72708) Importer(815301076,1909f56bfc062723c751e8b465ee728b)  -> (artifact id: 'f209b39a4b2697c8ebf9e7b3e8e1a05b') in 0.004745 seconds
  Import took 0.006701 seconds .

========================================================================
Received Import Request.
  Time since last request: 0.000324 seconds.
  path: Assets/Asset Packs/Pixel Cursors/Cursors/Bonus_19.png
  artifactKey: Guid(d65d95ca16518034fa82669a92d0b6e7) Importer(815301076,1909f56bfc062723c751e8b465ee728b)
Start importing Assets/Asset Packs/Pixel Cursors/Cursors/Bonus_19.png using Guid(d65d95ca16518034fa82669a92d0b6e7) Importer(815301076,1909f56bfc062723c751e8b465ee728b)  -> (artifact id: 'a32e51a6f6ddb5be0d62477e25925a8b') in 0.005080 seconds
  Import took 0.007115 seconds .

========================================================================
Received Import Request.
  Time since last request: 0.000333 seconds.
  path: Assets/Asset Packs/Pixel Cursors/Cursors/Bonus_10.png
  artifactKey: Guid(e9cbbd7f4b159c44ba7918ed31612df2) Importer(815301076,1909f56bfc062723c751e8b465ee728b)
Start importing Assets/Asset Packs/Pixel Cursors/Cursors/Bonus_10.png using Guid(e9cbbd7f4b159c44ba7918ed31612df2) Importer(815301076,1909f56bfc062723c751e8b465ee728b)  -> (artifact id: 'ee06474aba33a2784a95588cdab6ce81') in 0.009236 seconds
  Import took 0.011270 seconds .

========================================================================
Received Import Request.
  Time since last request: 0.000287 seconds.
  path: Assets/Asset Packs/Pixel Cursors/Cursors/Bonus_25.png
  artifactKey: Guid(13b47201502803547bf2c87d10639cb9) Importer(815301076,1909f56bfc062723c751e8b465ee728b)
Start importing Assets/Asset Packs/Pixel Cursors/Cursors/Bonus_25.png using Guid(13b47201502803547bf2c87d10639cb9) Importer(815301076,1909f56bfc062723c751e8b465ee728b)  -> (artifact id: '8d31950143821ef7d3f6cabc98dcd5f0') in 0.004833 seconds
  Import took 0.008123 seconds .

========================================================================
Received Import Request.
  Time since last request: 0.000309 seconds.
  path: Assets/Asset Packs/Pixel Cursors/Cursors/basic_01 GREEN.png
  artifactKey: Guid(8ea795c067613354898068091ffc7130) Importer(815301076,1909f56bfc062723c751e8b465ee728b)
Start importing Assets/Asset Packs/Pixel Cursors/Cursors/basic_01 GREEN.png using Guid(8ea795c067613354898068091ffc7130) Importer(815301076,1909f56bfc062723c751e8b465ee728b)  -> (artifact id: '32c1687da98981a6dee4b4026c5cce05') in 0.005021 seconds
  Import took 0.006983 seconds .

========================================================================
Received Import Request.
  Time since last request: 0.000299 seconds.
  path: Assets/Asset Packs/Pixel Cursors/Cursors/basic_01 BLUE.png
  artifactKey: Guid(44a99ee545fd8ba46a452b12c1f9378b) Importer(815301076,1909f56bfc062723c751e8b465ee728b)
Start importing Assets/Asset Packs/Pixel Cursors/Cursors/basic_01 BLUE.png using Guid(44a99ee545fd8ba46a452b12c1f9378b) Importer(815301076,1909f56bfc062723c751e8b465ee728b)  -> (artifact id: '19011f5c6f0441448c15e7ecdf8c9055') in 0.006611 seconds
  Import took 0.008685 seconds .

========================================================================
Received Import Request.
  Time since last request: 0.000337 seconds.
  path: Assets/Asset Packs/Pixel Cursors/Cursors/Bonus_07.png
  artifactKey: Guid(bd3559211c3a4f64dbdff8af508d1995) Importer(815301076,1909f56bfc062723c751e8b465ee728b)
Start importing Assets/Asset Packs/Pixel Cursors/Cursors/Bonus_07.png using Guid(bd3559211c3a4f64dbdff8af508d1995) Importer(815301076,1909f56bfc062723c751e8b465ee728b)  -> (artifact id: 'ea0a7884b7d5c7ddfc4119a4f837dadf') in 0.012183 seconds
  Import took 0.014305 seconds .

========================================================================
Received Import Request.
  Time since last request: 0.000307 seconds.
  path: Assets/Asset Packs/Pixel Cursors/Cursors/basic_01 GREEN.png
  artifactKey: Guid(8ea795c067613354898068091ffc7130) Importer(815301076,1909f56bfc062723c751e8b465ee728b)
Start importing Assets/Asset Packs/Pixel Cursors/Cursors/basic_01 GREEN.png using Guid(8ea795c067613354898068091ffc7130) Importer(815301076,1909f56bfc062723c751e8b465ee728b)  -> (artifact id: '32c1687da98981a6dee4b4026c5cce05') in 0.004558 seconds
  Import took 0.006570 seconds .

========================================================================
Received Import Request.
  Time since last request: 0.000322 seconds.
  path: Assets/Asset Packs/Pixel Cursors/Cursors/Bonus_01.png
  artifactKey: Guid(b23a0084fea403945a302e12cc707439) Importer(815301076,1909f56bfc062723c751e8b465ee728b)
Start importing Assets/Asset Packs/Pixel Cursors/Cursors/Bonus_01.png using Guid(b23a0084fea403945a302e12cc707439) Importer(815301076,1909f56bfc062723c751e8b465ee728b)  -> (artifact id: '13a5689d167a362d464dbea96f71c395') in 0.004987 seconds
  Import took 0.007123 seconds .

========================================================================
Received Import Request.
  Time since last request: 0.000327 seconds.
  path: Assets/Asset Packs/Pixel Cursors/Cursors/Bonus_14.png
  artifactKey: Guid(16eb76a57807650498cf0873147418fa) Importer(815301076,1909f56bfc062723c751e8b465ee728b)
Start importing Assets/Asset Packs/Pixel Cursors/Cursors/Bonus_14.png using Guid(16eb76a57807650498cf0873147418fa) Importer(815301076,1909f56bfc062723c751e8b465ee728b)  -> (artifact id: '8d0abe216c9185980fa9eda3e63c1cc6') in 0.005328 seconds
  Import took 0.007501 seconds .

========================================================================
Received Import Request.
  Time since last request: 0.000275 seconds.
  path: Assets/Asset Packs/Pixel Cursors/Cursors/basic_01 PURPLE.png
  artifactKey: Guid(b017dfab3916c1342b99c499d7ab500b) Importer(815301076,1909f56bfc062723c751e8b465ee728b)
Start importing Assets/Asset Packs/Pixel Cursors/Cursors/basic_01 PURPLE.png using Guid(b017dfab3916c1342b99c499d7ab500b) Importer(815301076,1909f56bfc062723c751e8b465ee728b)  -> (artifact id: 'e607925a5a9069d7cd90cc940cab9a8e') in 0.005374 seconds
  Import took 0.007380 seconds .

========================================================================
Received Import Request.
  Time since last request: 0.000305 seconds.
  path: Assets/Asset Packs/Pixel Cursors/Cursors/Bonus_03.png
  artifactKey: Guid(f2e59480af813ad42af2eba175095158) Importer(815301076,1909f56bfc062723c751e8b465ee728b)
Start importing Assets/Asset Packs/Pixel Cursors/Cursors/Bonus_03.png using Guid(f2e59480af813ad42af2eba175095158) Importer(815301076,1909f56bfc062723c751e8b465ee728b)  -> (artifact id: '0b4670d15fed00a03e13c260f953dd23') in 0.008521 seconds
  Import took 0.010513 seconds .

========================================================================
Received Import Request.
  Time since last request: 0.000288 seconds.
  path: Assets/Asset Packs/Pixel Cursors/Cursors/basic_01 PURPLE.png
  artifactKey: Guid(b017dfab3916c1342b99c499d7ab500b) Importer(815301076,1909f56bfc062723c751e8b465ee728b)
Start importing Assets/Asset Packs/Pixel Cursors/Cursors/basic_01 PURPLE.png using Guid(b017dfab3916c1342b99c499d7ab500b) Importer(815301076,1909f56bfc062723c751e8b465ee728b)  -> (artifact id: 'e607925a5a9069d7cd90cc940cab9a8e') in 0.004529 seconds
  Import took 0.006451 seconds .

========================================================================
Received Import Request.
  Time since last request: 0.000291 seconds.
  path: Assets/Asset Packs/Pixel Cursors/Cursors/Bonus_09.png
  artifactKey: Guid(aabf699d32f0ce349920801e3ef898f0) Importer(815301076,1909f56bfc062723c751e8b465ee728b)
Start importing Assets/Asset Packs/Pixel Cursors/Cursors/Bonus_09.png using Guid(aabf699d32f0ce349920801e3ef898f0) Importer(815301076,1909f56bfc062723c751e8b465ee728b)  -> (artifact id: 'de8642cf09f244888eefbc99356ba1d7') in 0.004747 seconds
  Import took 0.006641 seconds .

========================================================================
Received Import Request.
  Time since last request: 0.000302 seconds.
  path: Assets/Asset Packs/Pixel Cursors/Cursors/Bonus_02.png
  artifactKey: Guid(0230513a91d07d949958e664ab2a6cb8) Importer(815301076,1909f56bfc062723c751e8b465ee728b)
Start importing Assets/Asset Packs/Pixel Cursors/Cursors/Bonus_02.png using Guid(0230513a91d07d949958e664ab2a6cb8) Importer(815301076,1909f56bfc062723c751e8b465ee728b)  -> (artifact id: 'ac5433b928464cfc6f1f7d37aa7f6c82') in 0.005144 seconds
  Import took 0.007239 seconds .

========================================================================
Received Import Request.
  Time since last request: 0.012467 seconds.
  path: Assets/Asset Packs/Pixel Cursors/Cursors/Bonus_02.png
  artifactKey: Guid(0230513a91d07d949958e664ab2a6cb8) Importer(815301076,1909f56bfc062723c751e8b465ee728b)
Start importing Assets/Asset Packs/Pixel Cursors/Cursors/Bonus_02.png using Guid(0230513a91d07d949958e664ab2a6cb8) Importer(815301076,1909f56bfc062723c751e8b465ee728b)  -> (artifact id: 'ac5433b928464cfc6f1f7d37aa7f6c82') in 0.004919 seconds
  Import took 0.007147 seconds .

========================================================================
Received Import Request.
  Time since last request: 1.284976 seconds.
  path: Assets/Asset Packs/Pixel Cursors/Cursors/Bonus_26.png
  artifactKey: Guid(99b4ff6ea44bbe24691a30e9fcef0693) Importer(815301076,1909f56bfc062723c751e8b465ee728b)
Start importing Assets/Asset Packs/Pixel Cursors/Cursors/Bonus_26.png using Guid(99b4ff6ea44bbe24691a30e9fcef0693) Importer(815301076,1909f56bfc062723c751e8b465ee728b)  -> (artifact id: '0b175be8f35f9003305014d3b767a9d4') in 0.009238 seconds
  Import took 0.012464 seconds .

========================================================================
Received Import Request.
  Time since last request: 0.000318 seconds.
  path: Assets/Asset Packs/Pixel Cursors/Cursors/Bonus_27.png
  artifactKey: Guid(f1139c6b43e054f46abe94de0f4aee15) Importer(815301076,1909f56bfc062723c751e8b465ee728b)
Start importing Assets/Asset Packs/Pixel Cursors/Cursors/Bonus_27.png using Guid(f1139c6b43e054f46abe94de0f4aee15) Importer(815301076,1909f56bfc062723c751e8b465ee728b)  -> (artifact id: 'ac03fb58dbe5598ebcbd3f26da51b753') in 0.004949 seconds
  Import took 0.006868 seconds .

========================================================================
Received Import Request.
  Time since last request: 0.000325 seconds.
  path: Assets/Asset Packs/Pixel Cursors/Cursors/Bonus_31.png
  artifactKey: Guid(7f6c6fdab50f1054c9820b737360db07) Importer(815301076,1909f56bfc062723c751e8b465ee728b)
Start importing Assets/Asset Packs/Pixel Cursors/Cursors/Bonus_31.png using Guid(7f6c6fdab50f1054c9820b737360db07) Importer(815301076,1909f56bfc062723c751e8b465ee728b)  -> (artifact id: '60c9fd4a45cb0aec88269431695796ce') in 0.004623 seconds
  Import took 0.006530 seconds .

========================================================================
Received Import Request.
  Time since last request: 0.000280 seconds.
  path: Assets/Asset Packs/Pixel Cursors/Cursors/Bonus_29.png
  artifactKey: Guid(7c487959e49b9e447a29431caf3fdc77) Importer(815301076,1909f56bfc062723c751e8b465ee728b)
Start importing Assets/Asset Packs/Pixel Cursors/Cursors/Bonus_29.png using Guid(7c487959e49b9e447a29431caf3fdc77) Importer(815301076,1909f56bfc062723c751e8b465ee728b)  -> (artifact id: 'bf14fbf227f04099efbee6b23e5074f5') in 0.004797 seconds
  Import took 0.015495 seconds .

========================================================================
Received Import Request.
  Time since last request: 0.000293 seconds.
  path: Assets/Asset Packs/Pixel Cursors/Cursors/Bonus_28.png
  artifactKey: Guid(a2e17fe4fd24da348aa43901f817958f) Importer(815301076,1909f56bfc062723c751e8b465ee728b)
Start importing Assets/Asset Packs/Pixel Cursors/Cursors/Bonus_28.png using Guid(a2e17fe4fd24da348aa43901f817958f) Importer(815301076,1909f56bfc062723c751e8b465ee728b)  -> (artifact id: '9b5c3a6883b85af136b4b8fb639a9e54') in 0.005218 seconds
  Import took 0.007228 seconds .

========================================================================
Received Import Request.
  Time since last request: 0.000299 seconds.
  path: Assets/Asset Packs/Pixel Cursors/Cursors/Bonus_30.png
  artifactKey: Guid(4766716444a965b449ef86e524455e71) Importer(815301076,1909f56bfc062723c751e8b465ee728b)
Start importing Assets/Asset Packs/Pixel Cursors/Cursors/Bonus_30.png using Guid(4766716444a965b449ef86e524455e71) Importer(815301076,1909f56bfc062723c751e8b465ee728b)  -> (artifact id: '34c57673389c30163e48313bc70c5085') in 0.005689 seconds
  Import took 0.007817 seconds .

========================================================================
Received Import Request.
  Time since last request: 0.554687 seconds.
  path: Assets/Asset Packs/Pixel Cursors/Cursors/Bonus_32.png
  artifactKey: Guid(2b561569485d156429a42f8b103c2037) Importer(815301076,1909f56bfc062723c751e8b465ee728b)
Start importing Assets/Asset Packs/Pixel Cursors/Cursors/Bonus_32.png using Guid(2b561569485d156429a42f8b103c2037) Importer(815301076,1909f56bfc062723c751e8b465ee728b)  -> (artifact id: '93da5817e6e619db9d59b9483ca4774d') in 0.006059 seconds
  Import took 0.008464 seconds .

========================================================================
Received Import Request.
  Time since last request: 0.000450 seconds.
  path: Assets/Asset Packs/Pixel Cursors/Cursors/Bonus_35.png
  artifactKey: Guid(9ee5febc9c797aa45a8619f4542d6eee) Importer(815301076,1909f56bfc062723c751e8b465ee728b)
Start importing Assets/Asset Packs/Pixel Cursors/Cursors/Bonus_35.png using Guid(9ee5febc9c797aa45a8619f4542d6eee) Importer(815301076,1909f56bfc062723c751e8b465ee728b)  -> (artifact id: 'f6b88ca4dc273d30c74c4077af2083ef') in 0.005626 seconds
  Import took 0.007594 seconds .

========================================================================
Received Import Request.
  Time since last request: 0.000316 seconds.
  path: Assets/Asset Packs/Pixel Cursors/Cursors/Bonus_33.png
  artifactKey: Guid(2d275651a7c7744468bd20d1d6924a2a) Importer(815301076,1909f56bfc062723c751e8b465ee728b)
Start importing Assets/Asset Packs/Pixel Cursors/Cursors/Bonus_33.png using Guid(2d275651a7c7744468bd20d1d6924a2a) Importer(815301076,1909f56bfc062723c751e8b465ee728b)  -> (artifact id: '6bdc0b9fea106b02fd55618074209c33') in 0.005269 seconds
  Import took 0.007226 seconds .

========================================================================
Received Import Request.
  Time since last request: 0.000235 seconds.
  path: Assets/Asset Packs/Pixel Cursors/Cursors/Bonus_34.png
  artifactKey: Guid(39c4abc600fd1604981e476942426394) Importer(815301076,1909f56bfc062723c751e8b465ee728b)
Start importing Assets/Asset Packs/Pixel Cursors/Cursors/Bonus_34.png using Guid(39c4abc600fd1604981e476942426394) Importer(815301076,1909f56bfc062723c751e8b465ee728b)  -> (artifact id: 'a802fc0a3421a5d5008a40c6ca47b8b5') in 0.004782 seconds
  Import took 0.006761 seconds .

========================================================================
Received Import Request.
  Time since last request: 0.000314 seconds.
  path: Assets/Asset Packs/Pixel Cursors/Cursors/Bonus_36.png
  artifactKey: Guid(a895910e9f6e6844b889cbe885aadd44) Importer(815301076,1909f56bfc062723c751e8b465ee728b)
Start importing Assets/Asset Packs/Pixel Cursors/Cursors/Bonus_36.png using Guid(a895910e9f6e6844b889cbe885aadd44) Importer(815301076,1909f56bfc062723c751e8b465ee728b)  -> (artifact id: 'bceece4f9f94561f1aadbcb99ecc999e') in 0.005141 seconds
  Import took 0.007275 seconds .

========================================================================
Received Import Request.
  Time since last request: 0.000300 seconds.
  path: Assets/Asset Packs/Pixel Cursors/Cursors/Bonus_37.png
  artifactKey: Guid(68ac2028e997ffa488c976b2736e2da1) Importer(815301076,1909f56bfc062723c751e8b465ee728b)
Start importing Assets/Asset Packs/Pixel Cursors/Cursors/Bonus_37.png using Guid(68ac2028e997ffa488c976b2736e2da1) Importer(815301076,1909f56bfc062723c751e8b465ee728b)  -> (artifact id: '8d3ed7d4105d9118680069df68af7cc3') in 0.005019 seconds
  Import took 0.006970 seconds .

========================================================================
Received Import Request.
  Time since last request: 0.876350 seconds.
  path: Assets/Asset Packs/Pixel Cursors/Cursors/Bonus_38.png
  artifactKey: Guid(7d4a349e204be984cbd483b7ba288543) Importer(815301076,1909f56bfc062723c751e8b465ee728b)
Start importing Assets/Asset Packs/Pixel Cursors/Cursors/Bonus_38.png using Guid(7d4a349e204be984cbd483b7ba288543) Importer(815301076,1909f56bfc062723c751e8b465ee728b)  -> (artifact id: '5f713216b97a320b3cde3ed91e6c55fc') in 0.007396 seconds
  Import took 0.010582 seconds .

========================================================================
Received Import Request.
  Time since last request: 0.000408 seconds.
  path: Assets/Asset Packs/Pixel Cursors/Cursors/Bonus_42.png
  artifactKey: Guid(8ef7b760a0ec74c40a35969369427cd3) Importer(815301076,1909f56bfc062723c751e8b465ee728b)
Start importing Assets/Asset Packs/Pixel Cursors/Cursors/Bonus_42.png using Guid(8ef7b760a0ec74c40a35969369427cd3) Importer(815301076,1909f56bfc062723c751e8b465ee728b)  -> (artifact id: '7825e1bfe4ad89f826cd07f946163d26') in 0.006925 seconds
  Import took 0.009513 seconds .

========================================================================
Received Import Request.
  Time since last request: 0.000287 seconds.
  path: Assets/Asset Packs/Pixel Cursors/Cursors/Bonus_39.png
  artifactKey: Guid(d1e966bd99fcdf34abe61948d3290e28) Importer(815301076,1909f56bfc062723c751e8b465ee728b)
Start importing Assets/Asset Packs/Pixel Cursors/Cursors/Bonus_39.png using Guid(d1e966bd99fcdf34abe61948d3290e28) Importer(815301076,1909f56bfc062723c751e8b465ee728b)  -> (artifact id: '423f344193d99121fe647df7bb655640') in 0.004826 seconds
  Import took 0.014657 seconds .

========================================================================
Received Import Request.
  Time since last request: 0.000293 seconds.
  path: Assets/Asset Packs/Pixel Cursors/Cursors/Bonus_41.png
  artifactKey: Guid(f8c873f1e53e83f4aabf342d6be1dfc3) Importer(815301076,1909f56bfc062723c751e8b465ee728b)
Start importing Assets/Asset Packs/Pixel Cursors/Cursors/Bonus_41.png using Guid(f8c873f1e53e83f4aabf342d6be1dfc3) Importer(815301076,1909f56bfc062723c751e8b465ee728b)  -> (artifact id: '058a90923f9750df6bc51b42d8a5b137') in 0.005161 seconds
  Import took 0.007165 seconds .

========================================================================
Received Import Request.
  Time since last request: 0.000342 seconds.
  path: Assets/Asset Packs/Pixel Cursors/Cursors/Bonus_40.png
  artifactKey: Guid(71c06df75eee7124f8ab8e39ce242adc) Importer(815301076,1909f56bfc062723c751e8b465ee728b)
Start importing Assets/Asset Packs/Pixel Cursors/Cursors/Bonus_40.png using Guid(71c06df75eee7124f8ab8e39ce242adc) Importer(815301076,1909f56bfc062723c751e8b465ee728b)  -> (artifact id: '36897e4209858357f3b1c4836643c442') in 0.005699 seconds
  Import took 0.008065 seconds .

========================================================================
Received Import Request.
  Time since last request: 0.000315 seconds.
  path: Assets/Asset Packs/Pixel Cursors/Cursors/Bonus_43.png
  artifactKey: Guid(a75c68d8f8b30c24788e1ae1ea050ac4) Importer(815301076,1909f56bfc062723c751e8b465ee728b)
Start importing Assets/Asset Packs/Pixel Cursors/Cursors/Bonus_43.png using Guid(a75c68d8f8b30c24788e1ae1ea050ac4) Importer(815301076,1909f56bfc062723c751e8b465ee728b)  -> (artifact id: 'a7094c52a3c7ab3492c3dce04eb80183') in 0.004864 seconds
  Import took 0.007114 seconds .

========================================================================
Received Import Request.
  Time since last request: 0.028265 seconds.
  path: Assets/Asset Packs/Pixel Cursors/Cursors/Bonus_43.png
  artifactKey: Guid(a75c68d8f8b30c24788e1ae1ea050ac4) Importer(815301076,1909f56bfc062723c751e8b465ee728b)
Start importing Assets/Asset Packs/Pixel Cursors/Cursors/Bonus_43.png using Guid(a75c68d8f8b30c24788e1ae1ea050ac4) Importer(815301076,1909f56bfc062723c751e8b465ee728b)  -> (artifact id: 'a7094c52a3c7ab3492c3dce04eb80183') in 0.004607 seconds
  Import took 0.006768 seconds .

========================================================================
Received Import Request.
  Time since last request: 4.786450 seconds.
  path: Assets/Asset Packs/Pixel Cursors/Cursors/Bonus_44.png
  artifactKey: Guid(21628736160fcc9488493401da3ef621) Importer(815301076,1909f56bfc062723c751e8b465ee728b)
Start importing Assets/Asset Packs/Pixel Cursors/Cursors/Bonus_44.png using Guid(21628736160fcc9488493401da3ef621) Importer(815301076,1909f56bfc062723c751e8b465ee728b)  -> (artifact id: '0101482459ffac6b6ec2f59a5bb1cd52') in 0.010355 seconds
  Import took 0.014141 seconds .

========================================================================
Received Import Request.
  Time since last request: 0.000307 seconds.
  path: Assets/Asset Packs/Pixel Cursors/Cursors/Bonus_45.png
  artifactKey: Guid(96d4bfdb0d6d8c042bf8fccf6524d239) Importer(815301076,1909f56bfc062723c751e8b465ee728b)
Start importing Assets/Asset Packs/Pixel Cursors/Cursors/Bonus_45.png using Guid(96d4bfdb0d6d8c042bf8fccf6524d239) Importer(815301076,1909f56bfc062723c751e8b465ee728b)  -> (artifact id: '7ea89bb72823de4e2811e72a0f669220') in 0.004796 seconds
  Import took 0.010141 seconds .

========================================================================
Received Import Request.
  Time since last request: 0.000297 seconds.
  path: Assets/Asset Packs/Pixel Cursors/Cursors/Bonus_47.png
  artifactKey: Guid(8859fce41c5d0a148ad0b7eebfca7fe9) Importer(815301076,1909f56bfc062723c751e8b465ee728b)
Start importing Assets/Asset Packs/Pixel Cursors/Cursors/Bonus_47.png using Guid(8859fce41c5d0a148ad0b7eebfca7fe9) Importer(815301076,1909f56bfc062723c751e8b465ee728b)  -> (artifact id: '0f35c0f4ae779a54425e1f4398014265') in 0.004835 seconds
  Import took 0.006726 seconds .

========================================================================
Received Import Request.
  Time since last request: 0.000262 seconds.
  path: Assets/Asset Packs/Pixel Cursors/Cursors/Bonus_46.png
  artifactKey: Guid(e4fac5245b727db42ba0ca0258851b83) Importer(815301076,1909f56bfc062723c751e8b465ee728b)
Start importing Assets/Asset Packs/Pixel Cursors/Cursors/Bonus_46.png using Guid(e4fac5245b727db42ba0ca0258851b83) Importer(815301076,1909f56bfc062723c751e8b465ee728b)  -> (artifact id: '399ea66541f99a6f2313cc691bfe0f4f') in 0.004651 seconds
  Import took 0.006548 seconds .

========================================================================
Received Import Request.
  Time since last request: 0.000287 seconds.
  path: Assets/Asset Packs/Pixel Cursors/Cursors/Bonus_49.png
  artifactKey: Guid(cecad95c851b97f40b105b30b0bfede3) Importer(815301076,1909f56bfc062723c751e8b465ee728b)
Start importing Assets/Asset Packs/Pixel Cursors/Cursors/Bonus_49.png using Guid(cecad95c851b97f40b105b30b0bfede3) Importer(815301076,1909f56bfc062723c751e8b465ee728b)  -> (artifact id: 'edd5dcae43c6fd173b281a473145e686') in 0.005593 seconds
  Import took 0.007493 seconds .

========================================================================
Received Import Request.
  Time since last request: 0.000307 seconds.
  path: Assets/Asset Packs/Pixel Cursors/Cursors/Bonus_48.png
  artifactKey: Guid(1e1ecf843f705b34ab304dff88b037c1) Importer(815301076,1909f56bfc062723c751e8b465ee728b)
Start importing Assets/Asset Packs/Pixel Cursors/Cursors/Bonus_48.png using Guid(1e1ecf843f705b34ab304dff88b037c1) Importer(815301076,1909f56bfc062723c751e8b465ee728b)  -> (artifact id: '4624ab41418c590ccf7504cc8d75c163') in 0.005218 seconds
  Import took 0.007515 seconds .

========================================================================
Received Import Request.
  Time since last request: 0.041806 seconds.
  path: Assets/Asset Packs/Pixel Cursors/Cursors/Bonus_50.png
  artifactKey: Guid(fe2443101ded6f544b32f8dc8690c367) Importer(815301076,1909f56bfc062723c751e8b465ee728b)
Start importing Assets/Asset Packs/Pixel Cursors/Cursors/Bonus_50.png using Guid(fe2443101ded6f544b32f8dc8690c367) Importer(815301076,1909f56bfc062723c751e8b465ee728b)  -> (artifact id: 'f0a01750d54d95b7553b321e0b2fcdeb') in 0.005045 seconds
  Import took 0.007194 seconds .

========================================================================
Received Import Request.
  Time since last request: 0.000288 seconds.
  path: Assets/Asset Packs/Grass And Flowers Pack 1/Bush/Bush 2.png
  artifactKey: Guid(a060d0f8ad4251c4f8e786d48447dce0) Importer(815301076,1909f56bfc062723c751e8b465ee728b)
Start importing Assets/Asset Packs/Grass And Flowers Pack 1/Bush/Bush 2.png using Guid(a060d0f8ad4251c4f8e786d48447dce0) Importer(815301076,1909f56bfc062723c751e8b465ee728b)  -> (artifact id: 'a6559a73426158471813e36dc90b16e5') in 0.006934 seconds
  Import took 0.008818 seconds .

========================================================================
Received Import Request.
  Time since last request: 0.000279 seconds.
  path: Assets/Asset Packs/Grass And Flowers Pack 1/Bush/Bush 3.png
  artifactKey: Guid(2ac19523fbb044e4e90bcad0aefaecaf) Importer(815301076,1909f56bfc062723c751e8b465ee728b)
Start importing Assets/Asset Packs/Grass And Flowers Pack 1/Bush/Bush 3.png using Guid(2ac19523fbb044e4e90bcad0aefaecaf) Importer(815301076,1909f56bfc062723c751e8b465ee728b)  -> (artifact id: 'a5227cbe431e2e0aa51cc4572808a005') in 0.022397 seconds
  Import took 0.024300 seconds .

========================================================================
Received Import Request.
  Time since last request: 0.000279 seconds.
  path: Assets/Asset Packs/Grass And Flowers Pack 1/Bush/Bush 1.png
  artifactKey: Guid(021e2ef4de3b13e4b85e10d230b9a52c) Importer(815301076,1909f56bfc062723c751e8b465ee728b)
Start importing Assets/Asset Packs/Grass And Flowers Pack 1/Bush/Bush 1.png using Guid(021e2ef4de3b13e4b85e10d230b9a52c) Importer(815301076,1909f56bfc062723c751e8b465ee728b)  -> (artifact id: '8b1a63ed90795657e964580e1f57dd9e') in 0.007185 seconds
  Import took 0.009078 seconds .

========================================================================
Received Import Request.
  Time since last request: 0.000294 seconds.
  path: Assets/Asset Packs/Grass And Flowers Pack 1/Bush/Bush 4.png
  artifactKey: Guid(05da3951b3b9a8344b2f353d88539ce1) Importer(815301076,1909f56bfc062723c751e8b465ee728b)
Start importing Assets/Asset Packs/Grass And Flowers Pack 1/Bush/Bush 4.png using Guid(05da3951b3b9a8344b2f353d88539ce1) Importer(815301076,1909f56bfc062723c751e8b465ee728b)  -> (artifact id: 'fcaa989849981ebb3f5a61bc07838605') in 0.015468 seconds
  Import took 0.017369 seconds .

========================================================================
Received Import Request.
  Time since last request: 0.000284 seconds.
  path: Assets/Asset Packs/Grass And Flowers Pack 1/Bush/Bush 5.png
  artifactKey: Guid(1d0acc09e270a62458265b3ebddd4ebd) Importer(815301076,1909f56bfc062723c751e8b465ee728b)
Start importing Assets/Asset Packs/Grass And Flowers Pack 1/Bush/Bush 5.png using Guid(1d0acc09e270a62458265b3ebddd4ebd) Importer(815301076,1909f56bfc062723c751e8b465ee728b)  -> (artifact id: 'd0f1927e405df14673bfd85a1dff5046') in 0.017258 seconds
  Import took 0.019217 seconds .

========================================================================
Received Import Request.
  Time since last request: 0.000311 seconds.
  path: Assets/Asset Packs/Grass And Flowers Pack 1/Bush/Bush 4.png
  artifactKey: Guid(05da3951b3b9a8344b2f353d88539ce1) Importer(815301076,1909f56bfc062723c751e8b465ee728b)
Start importing Assets/Asset Packs/Grass And Flowers Pack 1/Bush/Bush 4.png using Guid(05da3951b3b9a8344b2f353d88539ce1) Importer(815301076,1909f56bfc062723c751e8b465ee728b)  -> (artifact id: 'fcaa989849981ebb3f5a61bc07838605') in 0.005634 seconds
  Import took 0.007519 seconds .

========================================================================
Received Import Request.
  Time since last request: 0.024832 seconds.
  path: Assets/Asset Packs/Grass And Flowers Pack 1/Bush/Bush 5.png
  artifactKey: Guid(1d0acc09e270a62458265b3ebddd4ebd) Importer(815301076,1909f56bfc062723c751e8b465ee728b)
Start importing Assets/Asset Packs/Grass And Flowers Pack 1/Bush/Bush 5.png using Guid(1d0acc09e270a62458265b3ebddd4ebd) Importer(815301076,1909f56bfc062723c751e8b465ee728b)  -> (artifact id: 'd0f1927e405df14673bfd85a1dff5046') in 0.005595 seconds
  Import took 0.007740 seconds .

========================================================================
Received Import Request.
  Time since last request: 0.243871 seconds.
  path: Assets/Asset Packs/Grass And Flowers Pack 1/Bush/Bush 6.png
  artifactKey: Guid(9441c1d70a7b1ad45adbf887f14ec1e9) Importer(815301076,1909f56bfc062723c751e8b465ee728b)
Start importing Assets/Asset Packs/Grass And Flowers Pack 1/Bush/Bush 6.png using Guid(9441c1d70a7b1ad45adbf887f14ec1e9) Importer(815301076,1909f56bfc062723c751e8b465ee728b)  -> (artifact id: '83089c9d2ff16c952b22a42980d5d1f2') in 0.022669 seconds
  Import took 0.026165 seconds .

========================================================================
Received Import Request.
  Time since last request: 0.000311 seconds.
  path: Assets/Asset Packs/Synty - Polygon Student Sample/Textures/Characters_Texture_Orange.png
  artifactKey: Guid(d7eabf4cd0cdfe448be3b905cd731d4f) Importer(815301076,1909f56bfc062723c751e8b465ee728b)
Start importing Assets/Asset Packs/Synty - Polygon Student Sample/Textures/Characters_Texture_Orange.png using Guid(d7eabf4cd0cdfe448be3b905cd731d4f) Importer(815301076,1909f56bfc062723c751e8b465ee728b)  -> (artifact id: 'a288c0198ef4fb84d2683f13f282cb05') in 0.006556 seconds
  Import took 0.008447 seconds .

========================================================================
Received Import Request.
  Time since last request: 0.000324 seconds.
  path: Assets/Asset Packs/Synty - Polygon Student Sample/Textures/Characters_Texture_Black.png
  artifactKey: Guid(e842427a572cdcb439fe256d0de3e8d6) Importer(815301076,1909f56bfc062723c751e8b465ee728b)
Start importing Assets/Asset Packs/Synty - Polygon Student Sample/Textures/Characters_Texture_Black.png using Guid(e842427a572cdcb439fe256d0de3e8d6) Importer(815301076,1909f56bfc062723c751e8b465ee728b)  -> (artifact id: 'e29ad4ca599df3b8f4baad5dbc51fe26') in 0.005735 seconds
  Import took 0.007612 seconds .

========================================================================
Received Import Request.
  Time since last request: 0.000259 seconds.
  path: Assets/Asset Packs/Grass And Flowers Pack 1/Bush/Bush 8.png
  artifactKey: Guid(5fd606df687c15340965bd70b73e6f3d) Importer(815301076,1909f56bfc062723c751e8b465ee728b)
Start importing Assets/Asset Packs/Grass And Flowers Pack 1/Bush/Bush 8.png using Guid(5fd606df687c15340965bd70b73e6f3d) Importer(815301076,1909f56bfc062723c751e8b465ee728b)  -> (artifact id: 'd3e28b8755ab086b8aeadc8ac485e3fd') in 0.015911 seconds
  Import took 0.017907 seconds .

========================================================================
Received Import Request.
  Time since last request: 0.000316 seconds.
  path: Assets/Asset Packs/Synty - Polygon Student Sample/Textures/Characters_Texture_Blue.png
  artifactKey: Guid(3d337c96239e1f746a3c65eb5d66a678) Importer(815301076,1909f56bfc062723c751e8b465ee728b)
Start importing Assets/Asset Packs/Synty - Polygon Student Sample/Textures/Characters_Texture_Blue.png using Guid(3d337c96239e1f746a3c65eb5d66a678) Importer(815301076,1909f56bfc062723c751e8b465ee728b)  -> (artifact id: '3ace6152d567b69ecd1ee2d00820f6ce') in 0.012605 seconds
  Import took 0.016798 seconds .

========================================================================
Received Import Request.
  Time since last request: 0.000326 seconds.
  path: Assets/Asset Packs/Grass And Flowers Pack 1/Bush/Bush 7.png
  artifactKey: Guid(58b6100b4b1965642a0130a34bdcd1c2) Importer(815301076,1909f56bfc062723c751e8b465ee728b)
Start importing Assets/Asset Packs/Grass And Flowers Pack 1/Bush/Bush 7.png using Guid(58b6100b4b1965642a0130a34bdcd1c2) Importer(815301076,1909f56bfc062723c751e8b465ee728b)  -> (artifact id: '36228e92501d66acdaff291ced4af326') in 0.021032 seconds
  Import took 0.023528 seconds .

========================================================================
Received Import Request.
  Time since last request: 0.005390 seconds.
  path: Assets/Asset Packs/Synty - Polygon Student Sample/Textures/Characters_Texture_Blue.png
  artifactKey: Guid(3d337c96239e1f746a3c65eb5d66a678) Importer(815301076,1909f56bfc062723c751e8b465ee728b)
Start importing Assets/Asset Packs/Synty - Polygon Student Sample/Textures/Characters_Texture_Blue.png using Guid(3d337c96239e1f746a3c65eb5d66a678) Importer(815301076,1909f56bfc062723c751e8b465ee728b)  -> (artifact id: '3ace6152d567b69ecd1ee2d00820f6ce') in 0.005376 seconds
  Import took 0.007381 seconds .

========================================================================
Received Import Request.
  Time since last request: 0.000309 seconds.
  path: Assets/Asset Packs/Slavic World Free/Texture/EA02_LPNP-Slavika_Colorsheet_v1.png
  artifactKey: Guid(4f4a523b69ecaf542bcff16bc65d3002) Importer(815301076,1909f56bfc062723c751e8b465ee728b)
Start importing Assets/Asset Packs/Slavic World Free/Texture/EA02_LPNP-Slavika_Colorsheet_v1.png using Guid(4f4a523b69ecaf542bcff16bc65d3002) Importer(815301076,1909f56bfc062723c751e8b465ee728b)  -> (artifact id: '2dd33b104880f0b0ec1fa1cd5fb74dd3') in 0.005128 seconds
  Import took 0.007099 seconds .

========================================================================
Received Import Request.
  Time since last request: 0.000331 seconds.
  path: Assets/Asset Packs/Synty - Polygon Student Sample/Textures/Characters_Texture_Red.png
  artifactKey: Guid(881cde1dc105a5744b78cf3bf14f25cc) Importer(815301076,1909f56bfc062723c751e8b465ee728b)
Start importing Assets/Asset Packs/Synty - Polygon Student Sample/Textures/Characters_Texture_Red.png using Guid(881cde1dc105a5744b78cf3bf14f25cc) Importer(815301076,1909f56bfc062723c751e8b465ee728b)  -> (artifact id: 'acbb7981a79ec88f340cc2ff0c0903fc') in 0.005692 seconds
  Import took 0.007848 seconds .

========================================================================
Received Import Request.
  Time since last request: 0.000308 seconds.
  path: Assets/Asset Packs/GameDev.tv Assets/Hoe/Materials and Model/Dirty Old Hoe.png
  artifactKey: Guid(40af5c0a14a886e45a144a2a9dce3977) Importer(815301076,1909f56bfc062723c751e8b465ee728b)
Start importing Assets/Asset Packs/GameDev.tv Assets/Hoe/Materials and Model/Dirty Old Hoe.png using Guid(40af5c0a14a886e45a144a2a9dce3977) Importer(815301076,1909f56bfc062723c751e8b465ee728b)  -> (artifact id: 'b6ae6c90e15c999399ded5881cb27d0e') in 0.019130 seconds
  Import took 0.021046 seconds .

========================================================================
Received Import Request.
  Time since last request: 0.000405 seconds.
  path: Assets/Asset Packs/Synty - Polygon Student Sample/Textures/Characters_Texture_Red.png
  artifactKey: Guid(881cde1dc105a5744b78cf3bf14f25cc) Importer(815301076,1909f56bfc062723c751e8b465ee728b)
Start importing Assets/Asset Packs/Synty - Polygon Student Sample/Textures/Characters_Texture_Red.png using Guid(881cde1dc105a5744b78cf3bf14f25cc) Importer(815301076,1909f56bfc062723c751e8b465ee728b)  -> (artifact id: 'acbb7981a79ec88f340cc2ff0c0903fc') in 0.005086 seconds
  Import took 0.006977 seconds .

========================================================================
Received Import Request.
  Time since last request: 0.000269 seconds.
  path: Assets/Scenes/Skybox/Textures/Down_SBS Sci-Fi & Fantasy 4 Large.png
  artifactKey: Guid(9fede0e9e9738e14095bf4fc038a7f3b) Importer(815301076,1909f56bfc062723c751e8b465ee728b)
Start importing Assets/Scenes/Skybox/Textures/Down_SBS Sci-Fi & Fantasy 4 Large.png using Guid(9fede0e9e9738e14095bf4fc038a7f3b) Importer(815301076,1909f56bfc062723c751e8b465ee728b)  -> (artifact id: '410ed960c5ca24bc9b58d625b805f1e1') in 0.558217 seconds
  Import took 0.563700 seconds .

========================================================================
Received Import Request.
  Time since last request: 0.000385 seconds.
  path: Assets/Asset Packs/GameDev.tv Assets/Hoe/Materials and Model/Dirty Old Hoe.png
  artifactKey: Guid(40af5c0a14a886e45a144a2a9dce3977) Importer(815301076,1909f56bfc062723c751e8b465ee728b)
Start importing Assets/Asset Packs/GameDev.tv Assets/Hoe/Materials and Model/Dirty Old Hoe.png using Guid(40af5c0a14a886e45a144a2a9dce3977) Importer(815301076,1909f56bfc062723c751e8b465ee728b)  -> (artifact id: 'b6ae6c90e15c999399ded5881cb27d0e') in 0.007045 seconds
  Import took 0.009533 seconds .

========================================================================
Received Import Request.
  Time since last request: 0.000330 seconds.
  path: Assets/Asset Packs/FREE Skyboxes - Sci-Fi & Fantasy/SBS Sci-Fi & Fantasy 4/Medium/Textures/Down_SBS Sci-Fi & Fantasy 4 Medium.png
  artifactKey: Guid(6fb5414ccb5d64842838eb4f82d158c3) Importer(815301076,1909f56bfc062723c751e8b465ee728b)
Start importing Assets/Asset Packs/FREE Skyboxes - Sci-Fi & Fantasy/SBS Sci-Fi & Fantasy 4/Medium/Textures/Down_SBS Sci-Fi & Fantasy 4 Medium.png using Guid(6fb5414ccb5d64842838eb4f82d158c3) Importer(815301076,1909f56bfc062723c751e8b465ee728b)  -> (artifact id: '2cb504b27a625b899945f41a4b963474') in 0.131199 seconds
  Import took 0.136523 seconds .

========================================================================
Received Import Request.
  Time since last request: 0.000543 seconds.
  path: Assets/Asset Packs/FREE Skyboxes - Sci-Fi & Fantasy/SBS Sci-Fi & Fantasy 4/Small/Textures/Down_SBS Sci-Fi & Fantasy 4 Small.png
  artifactKey: Guid(9d51d6fe0be93eb4d8d69aa8c8315095) Importer(815301076,1909f56bfc062723c751e8b465ee728b)
Start importing Assets/Asset Packs/FREE Skyboxes - Sci-Fi & Fantasy/SBS Sci-Fi & Fantasy 4/Small/Textures/Down_SBS Sci-Fi & Fantasy 4 Small.png using Guid(9d51d6fe0be93eb4d8d69aa8c8315095) Importer(815301076,1909f56bfc062723c751e8b465ee728b)  -> (artifact id: '8ec5ae0f6122d6d1100395bdd7ce3926') in 0.050072 seconds
  Import took 0.052334 seconds .

========================================================================
Received Import Request.
  Time since last request: 0.003171 seconds.
  path: Assets/Asset Packs/FREE Skyboxes - Sci-Fi & Fantasy/SBS Sci-Fi & Fantasy 4/Small/Textures/Down_SBS Sci-Fi & Fantasy 4 Small.png
  artifactKey: Guid(9d51d6fe0be93eb4d8d69aa8c8315095) Importer(815301076,1909f56bfc062723c751e8b465ee728b)
Start importing Assets/Asset Packs/FREE Skyboxes - Sci-Fi & Fantasy/SBS Sci-Fi & Fantasy 4/Small/Textures/Down_SBS Sci-Fi & Fantasy 4 Small.png using Guid(9d51d6fe0be93eb4d8d69aa8c8315095) Importer(815301076,1909f56bfc062723c751e8b465ee728b)  -> (artifact id: '8ec5ae0f6122d6d1100395bdd7ce3926') in 0.010797 seconds
  Import took 0.012767 seconds .

========================================================================
Received Prepare
Registering precompiled user dll's ...
Registered in 0.000955 seconds.
Begin MonoManager ReloadAssembly
Native extension for WindowsStandalone target not found
Refreshing native plugins compatible for Editor in 0.30 ms, found 0 plugins.
Preloading 0 native plugins for Editor in 0.00 ms.
Invoked RoslynAnalysisRunner static constructor.
RoslynAnalysisRunner will not be running.
RoslynAnalysisRunner has terminated.
Mono: successfully reloaded assembly
- Completed reload, in  0.805 seconds
Platform modules already initialized, skipping
Refreshing native plugins compatible for Editor in 0.30 ms, found 0 plugins.
Preloading 0 native plugins for Editor in 0.00 ms.
Unloading 1291 Unused Serialized files (Serialized files now loaded: 0)
System memory in use before: 84.8 MB.
System memory in use after: 84.9 MB.

Unloading 5 unused Assets to reduce memory usage. Loaded Objects now: 1845.
Total: 2.079400 ms (FindLiveObjects: 0.209900 ms CreateObjectMapping: 0.042400 ms MarkObjects: 1.810400 ms  DeleteObjects: 0.015600 ms)

